{"C:\\Users\\Felipe Vaz\\source\\repos\\Lumi-Extract\\src\\01 - Application\\Controllers\\AuthController.ts": {"path":"C:\\Users\\Felipe Vaz\\source\\repos\\Lumi-Extract\\src\\01 - Application\\Controllers\\AuthController.ts","statementMap":{"0":{"start":{"line":2,"column":0},"end":{"line":2,"column":61}},"1":{"start":{"line":3,"column":0},"end":{"line":3,"column":96}},"2":{"start":{"line":4,"column":0},"end":{"line":4,"column":110}},"3":{"start":{"line":5,"column":0},"end":{"line":5,"column":102}},"4":{"start":{"line":20,"column":31},"end":{"line":20,"column":51}},"5":{"start":{"line":21,"column":38},"end":{"line":21,"column":65}},"6":{"start":{"line":22,"column":34},"end":{"line":22,"column":57}},"7":{"start":{"line":23,"column":8},"end":{"line":23,"column":101}},"8":{"start":{"line":62,"column":8},"end":{"line":81,"column":9}},"9":{"start":{"line":65,"column":40},"end":{"line":65,"column":48}},"10":{"start":{"line":66,"column":27},"end":{"line":66,"column":72}},"11":{"start":{"line":68,"column":12},"end":{"line":75,"column":13}},"12":{"start":{"line":70,"column":16},"end":{"line":70,"column":45}},"13":{"start":{"line":74,"column":16},"end":{"line":74,"column":76}},"14":{"start":{"line":80,"column":12},"end":{"line":80,"column":24}},"15":{"start":{"line":13,"column":0},"end":{"line":13,"column":13}}},"fnMap":{"0":{"name":"(anonymous_0)","decl":{"start":{"line":18,"column":4},"end":{"line":18,"column":null}},"loc":{"start":{"line":18,"column":4},"end":{"line":24,"column":5}}},"1":{"name":"(anonymous_1)","decl":{"start":{"line":60,"column":11},"end":{"line":60,"column":16}},"loc":{"start":{"line":60,"column":70},"end":{"line":82,"column":5}}}},"branchMap":{"0":{"loc":{"start":{"line":68,"column":12},"end":{"line":75,"column":13}},"type":"if","locations":[{"start":{"line":68,"column":12},"end":{"line":75,"column":13}},{"start":{"line":73,"column":12},"end":{"line":75,"column":13}}]}},"s":{"0":0,"1":0,"2":0,"3":0,"4":0,"5":0,"6":0,"7":0,"8":0,"9":0,"10":0,"11":0,"12":0,"13":0,"14":0,"15":0},"f":{"0":0,"1":0},"b":{"0":[0,0]}}
,"C:\\Users\\Felipe Vaz\\source\\repos\\Lumi-Extract\\src\\01 - Application\\Controllers\\InstallationController.ts": {"path":"C:\\Users\\Felipe Vaz\\source\\repos\\Lumi-Extract\\src\\01 - Application\\Controllers\\InstallationController.ts","statementMap":{"0":{"start":{"line":2,"column":0},"end":{"line":2,"column":98}},"1":{"start":{"line":3,"column":0},"end":{"line":3,"column":98}},"2":{"start":{"line":4,"column":0},"end":{"line":4,"column":110}},"3":{"start":{"line":5,"column":0},"end":{"line":5,"column":96}},"4":{"start":{"line":6,"column":0},"end":{"line":6,"column":88}},"5":{"start":{"line":7,"column":0},"end":{"line":7,"column":100}},"6":{"start":{"line":8,"column":0},"end":{"line":8,"column":94}},"7":{"start":{"line":10,"column":0},"end":{"line":10,"column":24}},"8":{"start":{"line":11,"column":0},"end":{"line":11,"column":25}},"9":{"start":{"line":44,"column":4},"end":{"line":57,"column":5}},"10":{"start":{"line":45,"column":28},"end":{"line":47,"column":8}},"11":{"start":{"line":49,"column":6},"end":{"line":52,"column":7}},"12":{"start":{"line":50,"column":8},"end":{"line":50,"column":75}},"13":{"start":{"line":51,"column":8},"end":{"line":51,"column":15}},"14":{"start":{"line":54,"column":6},"end":{"line":54,"column":42}},"15":{"start":{"line":56,"column":6},"end":{"line":56,"column":18}},"16":{"start":{"line":97,"column":4},"end":{"line":119,"column":5}},"17":{"start":{"line":98,"column":33},"end":{"line":98,"column":43}},"18":{"start":{"line":100,"column":27},"end":{"line":109,"column":8}},"19":{"start":{"line":111,"column":6},"end":{"line":114,"column":7}},"20":{"start":{"line":112,"column":8},"end":{"line":112,"column":68}},"21":{"start":{"line":113,"column":8},"end":{"line":113,"column":15}},"22":{"start":{"line":116,"column":6},"end":{"line":116,"column":41}},"23":{"start":{"line":118,"column":6},"end":{"line":118,"column":18}},"24":{"start":{"line":160,"column":4},"end":{"line":178,"column":5}},"25":{"start":{"line":161,"column":33},"end":{"line":161,"column":43}},"26":{"start":{"line":164,"column":23},"end":{"line":167,"column":8}},"27":{"start":{"line":169,"column":6},"end":{"line":172,"column":7}},"28":{"start":{"line":170,"column":8},"end":{"line":170,"column":86}},"29":{"start":{"line":171,"column":8},"end":{"line":171,"column":15}},"30":{"start":{"line":174,"column":6},"end":{"line":174,"column":37}},"31":{"start":{"line":176,"column":6},"end":{"line":176,"column":97}},"32":{"start":{"line":177,"column":6},"end":{"line":177,"column":18}},"33":{"start":{"line":209,"column":4},"end":{"line":234,"column":5}},"34":{"start":{"line":210,"column":21},"end":{"line":210,"column":31}},"35":{"start":{"line":213,"column":22},"end":{"line":213,"column":56}},"36":{"start":{"line":215,"column":6},"end":{"line":218,"column":7}},"37":{"start":{"line":216,"column":8},"end":{"line":216,"column":67}},"38":{"start":{"line":217,"column":8},"end":{"line":217,"column":15}},"39":{"start":{"line":221,"column":23},"end":{"line":221,"column":82}},"40":{"start":{"line":224,"column":6},"end":{"line":227,"column":7}},"41":{"start":{"line":225,"column":8},"end":{"line":225,"column":80}},"42":{"start":{"line":226,"column":8},"end":{"line":226,"column":15}},"43":{"start":{"line":230,"column":6},"end":{"line":230,"column":48}},"44":{"start":{"line":232,"column":6},"end":{"line":232,"column":97}},"45":{"start":{"line":233,"column":6},"end":{"line":233,"column":18}},"46":{"start":{"line":19,"column":0},"end":{"line":19,"column":13}}},"fnMap":{"0":{"name":"(anonymous_7)","decl":{"start":{"line":43,"column":9},"end":{"line":43,"column":14}},"loc":{"start":{"line":43,"column":80},"end":{"line":58,"column":3}}},"1":{"name":"(anonymous_8)","decl":{"start":{"line":96,"column":9},"end":{"line":96,"column":14}},"loc":{"start":{"line":96,"column":93},"end":{"line":120,"column":3}}},"2":{"name":"(anonymous_9)","decl":{"start":{"line":159,"column":9},"end":{"line":159,"column":14}},"loc":{"start":{"line":159,"column":88},"end":{"line":179,"column":3}}},"3":{"name":"(anonymous_10)","decl":{"start":{"line":208,"column":9},"end":{"line":208,"column":14}},"loc":{"start":{"line":208,"column":82},"end":{"line":235,"column":3}}}},"branchMap":{"0":{"loc":{"start":{"line":49,"column":6},"end":{"line":52,"column":7}},"type":"if","locations":[{"start":{"line":49,"column":6},"end":{"line":52,"column":7}}]},"1":{"loc":{"start":{"line":111,"column":6},"end":{"line":114,"column":7}},"type":"if","locations":[{"start":{"line":111,"column":6},"end":{"line":114,"column":7}}]},"2":{"loc":{"start":{"line":169,"column":6},"end":{"line":172,"column":7}},"type":"if","locations":[{"start":{"line":169,"column":6},"end":{"line":172,"column":7}}]},"3":{"loc":{"start":{"line":215,"column":6},"end":{"line":218,"column":7}},"type":"if","locations":[{"start":{"line":215,"column":6},"end":{"line":218,"column":7}}]},"4":{"loc":{"start":{"line":224,"column":6},"end":{"line":227,"column":7}},"type":"if","locations":[{"start":{"line":224,"column":6},"end":{"line":227,"column":7}}]}},"s":{"0":0,"1":0,"2":0,"3":0,"4":0,"5":0,"6":0,"7":0,"8":0,"9":0,"10":0,"11":0,"12":0,"13":0,"14":0,"15":0,"16":0,"17":0,"18":0,"19":0,"20":0,"21":0,"22":0,"23":0,"24":0,"25":0,"26":0,"27":0,"28":0,"29":0,"30":0,"31":0,"32":0,"33":0,"34":0,"35":0,"36":0,"37":0,"38":0,"39":0,"40":0,"41":0,"42":0,"43":0,"44":0,"45":0,"46":0},"f":{"0":0,"1":0,"2":0,"3":0},"b":{"0":[0],"1":[0],"2":[0],"3":[0],"4":[0]}}
,"C:\\Users\\Felipe Vaz\\source\\repos\\Lumi-Extract\\src\\01 - Application\\Controllers\\ProfileController.ts": {"path":"C:\\Users\\Felipe Vaz\\source\\repos\\Lumi-Extract\\src\\01 - Application\\Controllers\\ProfileController.ts","statementMap":{"0":{"start":{"line":2,"column":0},"end":{"line":2,"column":67}},"1":{"start":{"line":3,"column":0},"end":{"line":3,"column":102}},"2":{"start":{"line":18,"column":34},"end":{"line":18,"column":57}},"3":{"start":{"line":19,"column":8},"end":{"line":19,"column":68}},"4":{"start":{"line":49,"column":8},"end":{"line":57,"column":9}},"5":{"start":{"line":51,"column":27},"end":{"line":51,"column":62}},"6":{"start":{"line":52,"column":12},"end":{"line":52,"column":41}},"7":{"start":{"line":56,"column":12},"end":{"line":56,"column":24}},"8":{"start":{"line":94,"column":8},"end":{"line":111,"column":9}},"9":{"start":{"line":96,"column":27},"end":{"line":96,"column":37}},"10":{"start":{"line":97,"column":27},"end":{"line":97,"column":65}},"11":{"start":{"line":99,"column":12},"end":{"line":106,"column":13}},"12":{"start":{"line":101,"column":16},"end":{"line":101,"column":75}},"13":{"start":{"line":105,"column":16},"end":{"line":105,"column":45}},"14":{"start":{"line":110,"column":12},"end":{"line":110,"column":24}},"15":{"start":{"line":143,"column":8},"end":{"line":152,"column":9}},"16":{"start":{"line":145,"column":42},"end":{"line":145,"column":50}},"17":{"start":{"line":146,"column":27},"end":{"line":146,"column":80}},"18":{"start":{"line":147,"column":12},"end":{"line":147,"column":41}},"19":{"start":{"line":151,"column":12},"end":{"line":151,"column":24}},"20":{"start":{"line":189,"column":8},"end":{"line":207,"column":9}},"21":{"start":{"line":191,"column":27},"end":{"line":191,"column":37}},"22":{"start":{"line":192,"column":42},"end":{"line":192,"column":50}},"23":{"start":{"line":193,"column":37},"end":{"line":193,"column":96}},"24":{"start":{"line":195,"column":12},"end":{"line":202,"column":13}},"25":{"start":{"line":197,"column":16},"end":{"line":197,"column":75}},"26":{"start":{"line":201,"column":16},"end":{"line":201,"column":55}},"27":{"start":{"line":206,"column":12},"end":{"line":206,"column":24}},"28":{"start":{"line":231,"column":8},"end":{"line":248,"column":9}},"29":{"start":{"line":233,"column":27},"end":{"line":233,"column":37}},"30":{"start":{"line":234,"column":29},"end":{"line":234,"column":65}},"31":{"start":{"line":236,"column":12},"end":{"line":243,"column":13}},"32":{"start":{"line":238,"column":16},"end":{"line":238,"column":75}},"33":{"start":{"line":242,"column":16},"end":{"line":242,"column":39}},"34":{"start":{"line":247,"column":12},"end":{"line":247,"column":24}},"35":{"start":{"line":11,"column":0},"end":{"line":11,"column":13}}},"fnMap":{"0":{"name":"(anonymous_0)","decl":{"start":{"line":16,"column":4},"end":{"line":16,"column":null}},"loc":{"start":{"line":16,"column":4},"end":{"line":20,"column":5}}},"1":{"name":"(anonymous_1)","decl":{"start":{"line":47,"column":11},"end":{"line":47,"column":16}},"loc":{"start":{"line":47,"column":72},"end":{"line":58,"column":5}}},"2":{"name":"(anonymous_2)","decl":{"start":{"line":92,"column":11},"end":{"line":92,"column":16}},"loc":{"start":{"line":92,"column":73},"end":{"line":112,"column":5}}},"3":{"name":"(anonymous_3)","decl":{"start":{"line":141,"column":11},"end":{"line":141,"column":16}},"loc":{"start":{"line":141,"column":69},"end":{"line":153,"column":5}}},"4":{"name":"(anonymous_4)","decl":{"start":{"line":187,"column":11},"end":{"line":187,"column":16}},"loc":{"start":{"line":187,"column":71},"end":{"line":208,"column":5}}},"5":{"name":"(anonymous_5)","decl":{"start":{"line":229,"column":11},"end":{"line":229,"column":16}},"loc":{"start":{"line":229,"column":71},"end":{"line":249,"column":5}}}},"branchMap":{"0":{"loc":{"start":{"line":99,"column":12},"end":{"line":106,"column":13}},"type":"if","locations":[{"start":{"line":99,"column":12},"end":{"line":106,"column":13}},{"start":{"line":104,"column":12},"end":{"line":106,"column":13}}]},"1":{"loc":{"start":{"line":195,"column":12},"end":{"line":202,"column":13}},"type":"if","locations":[{"start":{"line":195,"column":12},"end":{"line":202,"column":13}},{"start":{"line":200,"column":12},"end":{"line":202,"column":13}}]},"2":{"loc":{"start":{"line":236,"column":12},"end":{"line":243,"column":13}},"type":"if","locations":[{"start":{"line":236,"column":12},"end":{"line":243,"column":13}},{"start":{"line":241,"column":12},"end":{"line":243,"column":13}}]}},"s":{"0":0,"1":0,"2":0,"3":0,"4":0,"5":0,"6":0,"7":0,"8":0,"9":0,"10":0,"11":0,"12":0,"13":0,"14":0,"15":0,"16":0,"17":0,"18":0,"19":0,"20":0,"21":0,"22":0,"23":0,"24":0,"25":0,"26":0,"27":0,"28":0,"29":0,"30":0,"31":0,"32":0,"33":0,"34":0,"35":0},"f":{"0":0,"1":0,"2":0,"3":0,"4":0,"5":0},"b":{"0":[0,0],"1":[0,0],"2":[0,0]}}
,"C:\\Users\\Felipe Vaz\\source\\repos\\Lumi-Extract\\src\\01 - Application\\Controllers\\UploadController.ts": {"path":"C:\\Users\\Felipe Vaz\\source\\repos\\Lumi-Extract\\src\\01 - Application\\Controllers\\UploadController.ts","statementMap":{"0":{"start":{"line":2,"column":0},"end":{"line":2,"column":28}},"1":{"start":{"line":3,"column":0},"end":{"line":3,"column":24}},"2":{"start":{"line":4,"column":0},"end":{"line":4,"column":20}},"3":{"start":{"line":5,"column":0},"end":{"line":5,"column":75}},"4":{"start":{"line":18,"column":8},"end":{"line":18,"column":63}},"5":{"start":{"line":49,"column":8},"end":{"line":73,"column":9}},"6":{"start":{"line":50,"column":12},"end":{"line":53,"column":13}},"7":{"start":{"line":51,"column":16},"end":{"line":51,"column":77}},"8":{"start":{"line":52,"column":16},"end":{"line":52,"column":23}},"9":{"start":{"line":56,"column":12},"end":{"line":67,"column":13}},"10":{"start":{"line":57,"column":32},"end":{"line":57,"column":41}},"11":{"start":{"line":59,"column":16},"end":{"line":66,"column":17}},"12":{"start":{"line":61,"column":20},"end":{"line":61,"column":72}},"13":{"start":{"line":63,"column":20},"end":{"line":63,"column":94}},"14":{"start":{"line":65,"column":20},"end":{"line":65,"column":29}},"15":{"start":{"line":70,"column":12},"end":{"line":70,"column":105}},"16":{"start":{"line":72,"column":12},"end":{"line":72,"column":24}},"17":{"start":{"line":13,"column":0},"end":{"line":13,"column":13}},"18":{"start":{"line":78,"column":18},"end":{"line":78,"column":58}},"19":{"start":{"line":81,"column":0},"end":{"line":83,"column":1}},"20":{"start":{"line":82,"column":4},"end":{"line":82,"column":49}},"21":{"start":{"line":86,"column":16},"end":{"line":94,"column":2}},"22":{"start":{"line":88,"column":8},"end":{"line":88,"column":28}},"23":{"start":{"line":91,"column":29},"end":{"line":91,"column":79}},"24":{"start":{"line":92,"column":8},"end":{"line":92,"column":88}},"25":{"start":{"line":97,"column":18},"end":{"line":103,"column":1}},"26":{"start":{"line":98,"column":4},"end":{"line":102,"column":5}},"27":{"start":{"line":99,"column":8},"end":{"line":99,"column":23}},"28":{"start":{"line":101,"column":8},"end":{"line":101,"column":61}},"29":{"start":{"line":106,"column":13},"end":{"line":106,"column":80}}},"fnMap":{"0":{"name":"(anonymous_1)","decl":{"start":{"line":17,"column":4},"end":{"line":17,"column":null}},"loc":{"start":{"line":17,"column":4},"end":{"line":19,"column":5}}},"1":{"name":"(anonymous_2)","decl":{"start":{"line":48,"column":11},"end":{"line":48,"column":16}},"loc":{"start":{"line":48,"column":75},"end":{"line":74,"column":5}}},"2":{"name":"(anonymous_3)","decl":{"start":{"line":87,"column":17},"end":{"line":87,"column":18}},"loc":{"start":{"line":87,"column":35},"end":{"line":89,"column":5}}},"3":{"name":"(anonymous_4)","decl":{"start":{"line":90,"column":14},"end":{"line":90,"column":15}},"loc":{"start":{"line":90,"column":32},"end":{"line":93,"column":5}}},"4":{"name":"(anonymous_5)","decl":{"start":{"line":97,"column":18},"end":{"line":97,"column":19}},"loc":{"start":{"line":97,"column":93},"end":{"line":103,"column":1}}}},"branchMap":{"0":{"loc":{"start":{"line":50,"column":12},"end":{"line":53,"column":13}},"type":"if","locations":[{"start":{"line":50,"column":12},"end":{"line":53,"column":13}}]},"1":{"loc":{"start":{"line":50,"column":16},"end":{"line":50,"column":81}},"type":"binary-expr","locations":[{"start":{"line":50,"column":16},"end":{"line":50,"column":26}},{"start":{"line":50,"column":30},"end":{"line":50,"column":55}},{"start":{"line":50,"column":59},"end":{"line":50,"column":81}}]},"2":{"loc":{"start":{"line":81,"column":0},"end":{"line":83,"column":1}},"type":"if","locations":[{"start":{"line":81,"column":0},"end":{"line":83,"column":1}}]},"3":{"loc":{"start":{"line":98,"column":4},"end":{"line":102,"column":5}},"type":"if","locations":[{"start":{"line":98,"column":4},"end":{"line":102,"column":5}},{"start":{"line":100,"column":11},"end":{"line":102,"column":5}}]}},"s":{"0":0,"1":0,"2":0,"3":0,"4":0,"5":0,"6":0,"7":0,"8":0,"9":0,"10":0,"11":0,"12":0,"13":0,"14":0,"15":0,"16":0,"17":0,"18":0,"19":0,"20":0,"21":0,"22":0,"23":0,"24":0,"25":0,"26":0,"27":0,"28":0,"29":0},"f":{"0":0,"1":0,"2":0,"3":0,"4":0},"b":{"0":[0],"1":[0,0,0],"2":[0],"3":[0,0]}}
,"C:\\Users\\Felipe Vaz\\source\\repos\\Lumi-Extract\\src\\01 - Application\\Controllers\\UserController.ts": {"path":"C:\\Users\\Felipe Vaz\\source\\repos\\Lumi-Extract\\src\\01 - Application\\Controllers\\UserController.ts","statementMap":{"0":{"start":{"line":2,"column":0},"end":{"line":2,"column":61}},"1":{"start":{"line":3,"column":0},"end":{"line":3,"column":110}},"2":{"start":{"line":4,"column":0},"end":{"line":4,"column":96}},"3":{"start":{"line":19,"column":31},"end":{"line":19,"column":51}},"4":{"start":{"line":20,"column":38},"end":{"line":20,"column":65}},"5":{"start":{"line":21,"column":8},"end":{"line":21,"column":82}},"6":{"start":{"line":49,"column":8},"end":{"line":57,"column":9}},"7":{"start":{"line":51,"column":29},"end":{"line":51,"column":61}},"8":{"start":{"line":52,"column":12},"end":{"line":52,"column":43}},"9":{"start":{"line":56,"column":12},"end":{"line":56,"column":24}},"10":{"start":{"line":92,"column":8},"end":{"line":109,"column":9}},"11":{"start":{"line":94,"column":27},"end":{"line":94,"column":37}},"12":{"start":{"line":95,"column":28},"end":{"line":95,"column":63}},"13":{"start":{"line":97,"column":12},"end":{"line":104,"column":13}},"14":{"start":{"line":99,"column":16},"end":{"line":99,"column":76}},"15":{"start":{"line":103,"column":16},"end":{"line":103,"column":46}},"16":{"start":{"line":108,"column":12},"end":{"line":108,"column":24}},"17":{"start":{"line":143,"column":8},"end":{"line":159,"column":9}},"18":{"start":{"line":145,"column":55},"end":{"line":145,"column":63}},"19":{"start":{"line":146,"column":28},"end":{"line":146,"column":91}},"20":{"start":{"line":147,"column":12},"end":{"line":147,"column":42}},"21":{"start":{"line":151,"column":12},"end":{"line":158,"column":13}},"22":{"start":{"line":153,"column":16},"end":{"line":153,"column":76}},"23":{"start":{"line":157,"column":16},"end":{"line":157,"column":28}},"24":{"start":{"line":196,"column":8},"end":{"line":215,"column":9}},"25":{"start":{"line":198,"column":27},"end":{"line":198,"column":37}},"26":{"start":{"line":199,"column":55},"end":{"line":199,"column":63}},"27":{"start":{"line":200,"column":38},"end":{"line":200,"column":107}},"28":{"start":{"line":202,"column":12},"end":{"line":209,"column":13}},"29":{"start":{"line":204,"column":16},"end":{"line":204,"column":76}},"30":{"start":{"line":208,"column":16},"end":{"line":208,"column":56}},"31":{"start":{"line":214,"column":12},"end":{"line":214,"column":24}},"32":{"start":{"line":239,"column":8},"end":{"line":254,"column":9}},"33":{"start":{"line":241,"column":27},"end":{"line":241,"column":37}},"34":{"start":{"line":242,"column":29},"end":{"line":242,"column":62}},"35":{"start":{"line":244,"column":12},"end":{"line":248,"column":13}},"36":{"start":{"line":245,"column":16},"end":{"line":245,"column":76}},"37":{"start":{"line":247,"column":16},"end":{"line":247,"column":39}},"38":{"start":{"line":253,"column":12},"end":{"line":253,"column":24}},"39":{"start":{"line":12,"column":0},"end":{"line":12,"column":13}}},"fnMap":{"0":{"name":"(anonymous_0)","decl":{"start":{"line":17,"column":4},"end":{"line":17,"column":null}},"loc":{"start":{"line":17,"column":4},"end":{"line":22,"column":5}}},"1":{"name":"(anonymous_1)","decl":{"start":{"line":47,"column":11},"end":{"line":47,"column":16}},"loc":{"start":{"line":47,"column":72},"end":{"line":58,"column":5}}},"2":{"name":"(anonymous_2)","decl":{"start":{"line":90,"column":11},"end":{"line":90,"column":16}},"loc":{"start":{"line":90,"column":73},"end":{"line":110,"column":5}}},"3":{"name":"(anonymous_3)","decl":{"start":{"line":141,"column":11},"end":{"line":141,"column":16}},"loc":{"start":{"line":141,"column":69},"end":{"line":160,"column":5}}},"4":{"name":"(anonymous_4)","decl":{"start":{"line":194,"column":11},"end":{"line":194,"column":16}},"loc":{"start":{"line":194,"column":71},"end":{"line":216,"column":5}}},"5":{"name":"(anonymous_5)","decl":{"start":{"line":237,"column":11},"end":{"line":237,"column":16}},"loc":{"start":{"line":237,"column":71},"end":{"line":255,"column":5}}}},"branchMap":{"0":{"loc":{"start":{"line":97,"column":12},"end":{"line":104,"column":13}},"type":"if","locations":[{"start":{"line":97,"column":12},"end":{"line":104,"column":13}},{"start":{"line":102,"column":12},"end":{"line":104,"column":13}}]},"1":{"loc":{"start":{"line":151,"column":12},"end":{"line":158,"column":13}},"type":"if","locations":[{"start":{"line":151,"column":12},"end":{"line":158,"column":13}},{"start":{"line":156,"column":12},"end":{"line":158,"column":13}}]},"2":{"loc":{"start":{"line":202,"column":12},"end":{"line":209,"column":13}},"type":"if","locations":[{"start":{"line":202,"column":12},"end":{"line":209,"column":13}},{"start":{"line":207,"column":12},"end":{"line":209,"column":13}}]},"3":{"loc":{"start":{"line":244,"column":12},"end":{"line":248,"column":13}},"type":"if","locations":[{"start":{"line":244,"column":12},"end":{"line":248,"column":13}},{"start":{"line":246,"column":19},"end":{"line":248,"column":13}}]}},"s":{"0":0,"1":0,"2":0,"3":0,"4":0,"5":0,"6":0,"7":0,"8":0,"9":0,"10":0,"11":0,"12":0,"13":0,"14":0,"15":0,"16":0,"17":0,"18":0,"19":0,"20":0,"21":0,"22":0,"23":0,"24":0,"25":0,"26":0,"27":0,"28":0,"29":0,"30":0,"31":0,"32":0,"33":0,"34":0,"35":0,"36":0,"37":0,"38":0,"39":0},"f":{"0":0,"1":0,"2":0,"3":0,"4":0,"5":0},"b":{"0":[0,0],"1":[0,0],"2":[0,0],"3":[0,0]}}
,"C:\\Users\\Felipe Vaz\\source\\repos\\Lumi-Extract\\src\\01 - Application\\Controllers\\UserProfileController.ts": {"path":"C:\\Users\\Felipe Vaz\\source\\repos\\Lumi-Extract\\src\\01 - Application\\Controllers\\UserProfileController.ts","statementMap":{"0":{"start":{"line":2,"column":0},"end":{"line":2,"column":75}},"1":{"start":{"line":3,"column":0},"end":{"line":3,"column":110}},"2":{"start":{"line":18,"column":38},"end":{"line":18,"column":65}},"3":{"start":{"line":19,"column":8},"end":{"line":19,"column":80}},"4":{"start":{"line":45,"column":8},"end":{"line":53,"column":9}},"5":{"start":{"line":47,"column":33},"end":{"line":47,"column":72}},"6":{"start":{"line":48,"column":12},"end":{"line":48,"column":47}},"7":{"start":{"line":52,"column":12},"end":{"line":52,"column":24}},"8":{"start":{"line":86,"column":8},"end":{"line":104,"column":9}},"9":{"start":{"line":88,"column":31},"end":{"line":88,"column":41}},"10":{"start":{"line":89,"column":32},"end":{"line":89,"column":78}},"11":{"start":{"line":91,"column":12},"end":{"line":98,"column":13}},"12":{"start":{"line":93,"column":16},"end":{"line":93,"column":79}},"13":{"start":{"line":97,"column":16},"end":{"line":97,"column":50}},"14":{"start":{"line":103,"column":12},"end":{"line":103,"column":24}},"15":{"start":{"line":135,"column":8},"end":{"line":144,"column":9}},"16":{"start":{"line":137,"column":61},"end":{"line":137,"column":69}},"17":{"start":{"line":138,"column":32},"end":{"line":138,"column":108}},"18":{"start":{"line":139,"column":12},"end":{"line":139,"column":46}},"19":{"start":{"line":143,"column":12},"end":{"line":143,"column":24}},"20":{"start":{"line":177,"column":8},"end":{"line":196,"column":9}},"21":{"start":{"line":179,"column":31},"end":{"line":179,"column":41}},"22":{"start":{"line":180,"column":34},"end":{"line":180,"column":42}},"23":{"start":{"line":181,"column":42},"end":{"line":181,"column":101}},"24":{"start":{"line":183,"column":12},"end":{"line":190,"column":13}},"25":{"start":{"line":185,"column":16},"end":{"line":185,"column":79}},"26":{"start":{"line":189,"column":16},"end":{"line":189,"column":60}},"27":{"start":{"line":195,"column":12},"end":{"line":195,"column":24}},"28":{"start":{"line":220,"column":8},"end":{"line":237,"column":9}},"29":{"start":{"line":222,"column":31},"end":{"line":222,"column":41}},"30":{"start":{"line":223,"column":29},"end":{"line":223,"column":73}},"31":{"start":{"line":225,"column":12},"end":{"line":232,"column":13}},"32":{"start":{"line":227,"column":16},"end":{"line":227,"column":79}},"33":{"start":{"line":231,"column":16},"end":{"line":231,"column":39}},"34":{"start":{"line":236,"column":12},"end":{"line":236,"column":24}},"35":{"start":{"line":11,"column":0},"end":{"line":11,"column":13}}},"fnMap":{"0":{"name":"(anonymous_0)","decl":{"start":{"line":16,"column":4},"end":{"line":16,"column":null}},"loc":{"start":{"line":16,"column":4},"end":{"line":20,"column":5}}},"1":{"name":"(anonymous_1)","decl":{"start":{"line":43,"column":11},"end":{"line":43,"column":16}},"loc":{"start":{"line":43,"column":72},"end":{"line":54,"column":5}}},"2":{"name":"(anonymous_2)","decl":{"start":{"line":84,"column":11},"end":{"line":84,"column":16}},"loc":{"start":{"line":84,"column":73},"end":{"line":105,"column":5}}},"3":{"name":"(anonymous_3)","decl":{"start":{"line":133,"column":11},"end":{"line":133,"column":16}},"loc":{"start":{"line":133,"column":69},"end":{"line":145,"column":5}}},"4":{"name":"(anonymous_4)","decl":{"start":{"line":175,"column":11},"end":{"line":175,"column":16}},"loc":{"start":{"line":175,"column":71},"end":{"line":197,"column":5}}},"5":{"name":"(anonymous_5)","decl":{"start":{"line":218,"column":11},"end":{"line":218,"column":16}},"loc":{"start":{"line":218,"column":71},"end":{"line":238,"column":5}}}},"branchMap":{"0":{"loc":{"start":{"line":91,"column":12},"end":{"line":98,"column":13}},"type":"if","locations":[{"start":{"line":91,"column":12},"end":{"line":98,"column":13}},{"start":{"line":96,"column":12},"end":{"line":98,"column":13}}]},"1":{"loc":{"start":{"line":183,"column":12},"end":{"line":190,"column":13}},"type":"if","locations":[{"start":{"line":183,"column":12},"end":{"line":190,"column":13}},{"start":{"line":188,"column":12},"end":{"line":190,"column":13}}]},"2":{"loc":{"start":{"line":225,"column":12},"end":{"line":232,"column":13}},"type":"if","locations":[{"start":{"line":225,"column":12},"end":{"line":232,"column":13}},{"start":{"line":230,"column":12},"end":{"line":232,"column":13}}]}},"s":{"0":0,"1":0,"2":0,"3":0,"4":0,"5":0,"6":0,"7":0,"8":0,"9":0,"10":0,"11":0,"12":0,"13":0,"14":0,"15":0,"16":0,"17":0,"18":0,"19":0,"20":0,"21":0,"22":0,"23":0,"24":0,"25":0,"26":0,"27":0,"28":0,"29":0,"30":0,"31":0,"32":0,"33":0,"34":0,"35":0},"f":{"0":0,"1":0,"2":0,"3":0,"4":0,"5":0},"b":{"0":[0,0],"1":[0,0],"2":[0,0]}}
,"C:\\Users\\Felipe Vaz\\source\\repos\\Lumi-Extract\\src\\01 - Application\\Routes\\AppRoutes.ts": {"path":"C:\\Users\\Felipe Vaz\\source\\repos\\Lumi-Extract\\src\\01 - Application\\Routes\\AppRoutes.ts","statementMap":{"0":{"start":{"line":1,"column":0},"end":{"line":1,"column":33}},"1":{"start":{"line":2,"column":0},"end":{"line":2,"column":63}},"2":{"start":{"line":3,"column":0},"end":{"line":3,"column":77}},"3":{"start":{"line":4,"column":0},"end":{"line":4,"column":69}},"4":{"start":{"line":5,"column":0},"end":{"line":5,"column":103}},"5":{"start":{"line":6,"column":0},"end":{"line":6,"column":75}},"6":{"start":{"line":7,"column":0},"end":{"line":7,"column":79}},"7":{"start":{"line":9,"column":23},"end":{"line":9,"column":43}},"8":{"start":{"line":10,"column":30},"end":{"line":10,"column":57}},"9":{"start":{"line":11,"column":26},"end":{"line":11,"column":49}},"10":{"start":{"line":12,"column":25},"end":{"line":12,"column":47}},"11":{"start":{"line":13,"column":31},"end":{"line":13,"column":59}},"12":{"start":{"line":15,"column":15},"end":{"line":15,"column":23}},"13":{"start":{"line":47,"column":19},"end":{"line":47,"column":28}},"14":{"start":{"line":18,"column":0},"end":{"line":18,"column":90}},"15":{"start":{"line":19,"column":0},"end":{"line":19,"column":95}},"16":{"start":{"line":20,"column":0},"end":{"line":20,"column":63}},"17":{"start":{"line":21,"column":0},"end":{"line":21,"column":95}},"18":{"start":{"line":22,"column":0},"end":{"line":22,"column":98}},"19":{"start":{"line":25,"column":0},"end":{"line":25,"column":111}},"20":{"start":{"line":26,"column":0},"end":{"line":26,"column":116}},"21":{"start":{"line":27,"column":0},"end":{"line":27,"column":111}},"22":{"start":{"line":28,"column":0},"end":{"line":28,"column":116}},"23":{"start":{"line":29,"column":0},"end":{"line":29,"column":119}},"24":{"start":{"line":32,"column":0},"end":{"line":32,"column":99}},"25":{"start":{"line":33,"column":0},"end":{"line":33,"column":104}},"26":{"start":{"line":34,"column":0},"end":{"line":34,"column":99}},"27":{"start":{"line":35,"column":0},"end":{"line":35,"column":104}},"28":{"start":{"line":36,"column":0},"end":{"line":36,"column":107}},"29":{"start":{"line":39,"column":0},"end":{"line":39,"column":110}},"30":{"start":{"line":42,"column":0},"end":{"line":42,"column":125}},"31":{"start":{"line":43,"column":0},"end":{"line":43,"column":154}},"32":{"start":{"line":44,"column":0},"end":{"line":44,"column":157}},"33":{"start":{"line":45,"column":0},"end":{"line":45,"column":140}}},"fnMap":{},"branchMap":{},"s":{"0":0,"1":0,"2":0,"3":0,"4":0,"5":0,"6":0,"7":0,"8":0,"9":0,"10":0,"11":0,"12":0,"13":0,"14":0,"15":0,"16":0,"17":0,"18":0,"19":0,"20":0,"21":0,"22":0,"23":0,"24":0,"25":0,"26":0,"27":0,"28":0,"29":0,"30":0,"31":0,"32":0,"33":0},"f":{},"b":{}}
,"C:\\Users\\Felipe Vaz\\source\\repos\\Lumi-Extract\\src\\01 - Application\\Routes\\AuthRoutes.ts": {"path":"C:\\Users\\Felipe Vaz\\source\\repos\\Lumi-Extract\\src\\01 - Application\\Routes\\AuthRoutes.ts","statementMap":{"0":{"start":{"line":1,"column":0},"end":{"line":1,"column":30}},"1":{"start":{"line":2,"column":0},"end":{"line":2,"column":63}},"2":{"start":{"line":4,"column":15},"end":{"line":4,"column":31}},"3":{"start":{"line":12,"column":19},"end":{"line":12,"column":29}},"4":{"start":{"line":7,"column":23},"end":{"line":7,"column":43}},"5":{"start":{"line":10,"column":0},"end":{"line":10,"column":70}}},"fnMap":{},"branchMap":{},"s":{"0":0,"1":0,"2":0,"3":0,"4":0,"5":0},"f":{},"b":{}}
,"C:\\Users\\Felipe Vaz\\source\\repos\\Lumi-Extract\\src\\02 - Domain\\Entities\\BillingValue.ts": {"path":"C:\\Users\\Felipe Vaz\\source\\repos\\Lumi-Extract\\src\\02 - Domain\\Entities\\BillingValue.ts","statementMap":{"0":{"start":{"line":30,"column":8},"end":{"line":30,"column":21}},"1":{"start":{"line":31,"column":8},"end":{"line":31,"column":45}},"2":{"start":{"line":32,"column":8},"end":{"line":32,"column":25}},"3":{"start":{"line":33,"column":8},"end":{"line":33,"column":31}},"4":{"start":{"line":34,"column":8},"end":{"line":34,"column":37}},"5":{"start":{"line":35,"column":8},"end":{"line":35,"column":43}},"6":{"start":{"line":36,"column":8},"end":{"line":36,"column":27}},"7":{"start":{"line":37,"column":8},"end":{"line":37,"column":39}},"8":{"start":{"line":1,"column":0},"end":{"line":1,"column":13}}},"fnMap":{"0":{"name":"(anonymous_0)","decl":{"start":{"line":11,"column":4},"end":{"line":11,"column":16}},"loc":{"start":{"line":29,"column":5},"end":{"line":38,"column":5}}}},"branchMap":{},"s":{"0":0,"1":0,"2":0,"3":0,"4":0,"5":0,"6":0,"7":0,"8":0},"f":{"0":0},"b":{}}
,"C:\\Users\\Felipe Vaz\\source\\repos\\Lumi-Extract\\src\\02 - Domain\\Entities\\ConsumptionHistory.ts": {"path":"C:\\Users\\Felipe Vaz\\source\\repos\\Lumi-Extract\\src\\02 - Domain\\Entities\\ConsumptionHistory.ts","statementMap":{"0":{"start":{"line":24,"column":8},"end":{"line":24,"column":21}},"1":{"start":{"line":25,"column":8},"end":{"line":25,"column":45}},"2":{"start":{"line":26,"column":8},"end":{"line":26,"column":29}},"3":{"start":{"line":27,"column":8},"end":{"line":27,"column":31}},"4":{"start":{"line":28,"column":8},"end":{"line":28,"column":27}},"5":{"start":{"line":29,"column":8},"end":{"line":29,"column":25}},"6":{"start":{"line":1,"column":0},"end":{"line":1,"column":13}}},"fnMap":{"0":{"name":"(anonymous_0)","decl":{"start":{"line":9,"column":4},"end":{"line":9,"column":16}},"loc":{"start":{"line":23,"column":5},"end":{"line":30,"column":5}}}},"branchMap":{},"s":{"0":0,"1":0,"2":0,"3":0,"4":0,"5":0,"6":0},"f":{"0":0},"b":{}}
,"C:\\Users\\Felipe Vaz\\source\\repos\\Lumi-Extract\\src\\02 - Domain\\Entities\\Installation.ts": {"path":"C:\\Users\\Felipe Vaz\\source\\repos\\Lumi-Extract\\src\\02 - Domain\\Entities\\Installation.ts","statementMap":{"0":{"start":{"line":24,"column":8},"end":{"line":24,"column":21}},"1":{"start":{"line":25,"column":8},"end":{"line":25,"column":49}},"2":{"start":{"line":26,"column":8},"end":{"line":26,"column":39}},"3":{"start":{"line":27,"column":8},"end":{"line":27,"column":39}},"4":{"start":{"line":28,"column":8},"end":{"line":28,"column":35}},"5":{"start":{"line":29,"column":8},"end":{"line":29,"column":47}},"6":{"start":{"line":1,"column":0},"end":{"line":1,"column":13}}},"fnMap":{"0":{"name":"(anonymous_0)","decl":{"start":{"line":9,"column":4},"end":{"line":9,"column":16}},"loc":{"start":{"line":23,"column":5},"end":{"line":30,"column":5}}}},"branchMap":{},"s":{"0":0,"1":0,"2":0,"3":0,"4":0,"5":0,"6":0},"f":{"0":0},"b":{}}
,"C:\\Users\\Felipe Vaz\\source\\repos\\Lumi-Extract\\src\\02 - Domain\\Entities\\Invoice.ts": {"path":"C:\\Users\\Felipe Vaz\\source\\repos\\Lumi-Extract\\src\\02 - Domain\\Entities\\Invoice.ts","statementMap":{"0":{"start":{"line":27,"column":8},"end":{"line":27,"column":21}},"1":{"start":{"line":28,"column":8},"end":{"line":28,"column":45}},"2":{"start":{"line":29,"column":8},"end":{"line":29,"column":29}},"3":{"start":{"line":30,"column":8},"end":{"line":30,"column":27}},"4":{"start":{"line":31,"column":8},"end":{"line":31,"column":39}},"5":{"start":{"line":32,"column":8},"end":{"line":32,"column":39}},"6":{"start":{"line":33,"column":8},"end":{"line":33,"column":57}},"7":{"start":{"line":1,"column":0},"end":{"line":1,"column":13}}},"fnMap":{"0":{"name":"(anonymous_0)","decl":{"start":{"line":10,"column":4},"end":{"line":10,"column":16}},"loc":{"start":{"line":26,"column":5},"end":{"line":34,"column":5}}}},"branchMap":{},"s":{"0":0,"1":0,"2":0,"3":0,"4":0,"5":0,"6":0,"7":0},"f":{"0":0},"b":{}}
,"C:\\Users\\Felipe Vaz\\source\\repos\\Lumi-Extract\\src\\02 - Domain\\Entities\\PaymentInfo.ts": {"path":"C:\\Users\\Felipe Vaz\\source\\repos\\Lumi-Extract\\src\\02 - Domain\\Entities\\PaymentInfo.ts","statementMap":{"0":{"start":{"line":21,"column":8},"end":{"line":21,"column":21}},"1":{"start":{"line":22,"column":8},"end":{"line":22,"column":45}},"2":{"start":{"line":23,"column":8},"end":{"line":23,"column":61}},"3":{"start":{"line":24,"column":8},"end":{"line":24,"column":37}},"4":{"start":{"line":25,"column":8},"end":{"line":25,"column":37}},"5":{"start":{"line":1,"column":0},"end":{"line":1,"column":13}}},"fnMap":{"0":{"name":"(anonymous_0)","decl":{"start":{"line":8,"column":4},"end":{"line":8,"column":16}},"loc":{"start":{"line":20,"column":5},"end":{"line":26,"column":5}}}},"branchMap":{},"s":{"0":0,"1":0,"2":0,"3":0,"4":0,"5":0},"f":{"0":0},"b":{}}
,"C:\\Users\\Felipe Vaz\\source\\repos\\Lumi-Extract\\src\\02 - Domain\\Entities\\Profile.ts": {"path":"C:\\Users\\Felipe Vaz\\source\\repos\\Lumi-Extract\\src\\02 - Domain\\Entities\\Profile.ts","statementMap":{"0":{"start":{"line":10,"column":8},"end":{"line":10,"column":21}},"1":{"start":{"line":11,"column":8},"end":{"line":11,"column":25}},"2":{"start":{"line":12,"column":8},"end":{"line":12,"column":39}},"3":{"start":{"line":1,"column":0},"end":{"line":1,"column":13}}},"fnMap":{"0":{"name":"(anonymous_0)","decl":{"start":{"line":7,"column":4},"end":{"line":7,"column":16}},"loc":{"start":{"line":8,"column":62},"end":{"line":13,"column":5}}}},"branchMap":{"0":{"loc":{"start":{"line":7,"column":28},"end":{"line":7,"column":44}},"type":"default-arg","locations":[{"start":{"line":7,"column":42},"end":{"line":7,"column":44}}]}},"s":{"0":0,"1":0,"2":0,"3":0},"f":{"0":0},"b":{"0":[0]}}
,"C:\\Users\\Felipe Vaz\\source\\repos\\Lumi-Extract\\src\\02 - Domain\\Entities\\TechnicalInfo.ts": {"path":"C:\\Users\\Felipe Vaz\\source\\repos\\Lumi-Extract\\src\\02 - Domain\\Entities\\TechnicalInfo.ts","statementMap":{"0":{"start":{"line":33,"column":8},"end":{"line":33,"column":21}},"1":{"start":{"line":34,"column":8},"end":{"line":34,"column":45}},"2":{"start":{"line":35,"column":8},"end":{"line":35,"column":29}},"3":{"start":{"line":36,"column":8},"end":{"line":36,"column":35}},"4":{"start":{"line":37,"column":8},"end":{"line":37,"column":37}},"5":{"start":{"line":38,"column":8},"end":{"line":38,"column":47}},"6":{"start":{"line":39,"column":8},"end":{"line":39,"column":41}},"7":{"start":{"line":40,"column":8},"end":{"line":40,"column":25}},"8":{"start":{"line":41,"column":8},"end":{"line":41,"column":45}},"9":{"start":{"line":1,"column":0},"end":{"line":1,"column":13}}},"fnMap":{"0":{"name":"(anonymous_0)","decl":{"start":{"line":12,"column":4},"end":{"line":12,"column":16}},"loc":{"start":{"line":32,"column":5},"end":{"line":42,"column":5}}}},"branchMap":{},"s":{"0":0,"1":0,"2":0,"3":0,"4":0,"5":0,"6":0,"7":0,"8":0,"9":0},"f":{"0":0},"b":{}}
,"C:\\Users\\Felipe Vaz\\source\\repos\\Lumi-Extract\\src\\02 - Domain\\Entities\\User.ts": {"path":"C:\\Users\\Felipe Vaz\\source\\repos\\Lumi-Extract\\src\\02 - Domain\\Entities\\User.ts","statementMap":{"0":{"start":{"line":14,"column":8},"end":{"line":14,"column":21}},"1":{"start":{"line":15,"column":8},"end":{"line":15,"column":25}},"2":{"start":{"line":16,"column":8},"end":{"line":16,"column":27}},"3":{"start":{"line":17,"column":8},"end":{"line":17,"column":33}},"4":{"start":{"line":18,"column":8},"end":{"line":18,"column":31}},"5":{"start":{"line":19,"column":8},"end":{"line":19,"column":35}},"6":{"start":{"line":20,"column":8},"end":{"line":20,"column":35}},"7":{"start":{"line":1,"column":0},"end":{"line":1,"column":13}}},"fnMap":{"0":{"name":"(anonymous_0)","decl":{"start":{"line":11,"column":4},"end":{"line":11,"column":16}},"loc":{"start":{"line":12,"column":126},"end":{"line":21,"column":5}}}},"branchMap":{"0":{"loc":{"start":{"line":11,"column":45},"end":{"line":11,"column":59}},"type":"default-arg","locations":[{"start":{"line":11,"column":55},"end":{"line":11,"column":59}}]},"1":{"loc":{"start":{"line":11,"column":61},"end":{"line":11,"column":83}},"type":"default-arg","locations":[{"start":{"line":11,"column":73},"end":{"line":11,"column":83}}]},"2":{"loc":{"start":{"line":11,"column":85},"end":{"line":11,"column":107}},"type":"default-arg","locations":[{"start":{"line":11,"column":97},"end":{"line":11,"column":107}}]}},"s":{"0":0,"1":0,"2":0,"3":0,"4":0,"5":0,"6":0,"7":0},"f":{"0":0},"b":{"0":[0],"1":[0],"2":[0]}}
,"C:\\Users\\Felipe Vaz\\source\\repos\\Lumi-Extract\\src\\02 - Domain\\Entities\\UserProfile.ts": {"path":"C:\\Users\\Felipe Vaz\\source\\repos\\Lumi-Extract\\src\\02 - Domain\\Entities\\UserProfile.ts","statementMap":{"0":{"start":{"line":12,"column":8},"end":{"line":12,"column":21}},"1":{"start":{"line":13,"column":8},"end":{"line":13,"column":29}},"2":{"start":{"line":14,"column":8},"end":{"line":14,"column":35}},"3":{"start":{"line":15,"column":8},"end":{"line":15,"column":35}},"4":{"start":{"line":16,"column":8},"end":{"line":16,"column":35}},"5":{"start":{"line":1,"column":0},"end":{"line":1,"column":13}}},"fnMap":{"0":{"name":"(anonymous_0)","decl":{"start":{"line":9,"column":4},"end":{"line":9,"column":16}},"loc":{"start":{"line":10,"column":95},"end":{"line":17,"column":5}}}},"branchMap":{"0":{"loc":{"start":{"line":9,"column":41},"end":{"line":9,"column":63}},"type":"default-arg","locations":[{"start":{"line":9,"column":53},"end":{"line":9,"column":63}}]},"1":{"loc":{"start":{"line":9,"column":65},"end":{"line":9,"column":87}},"type":"default-arg","locations":[{"start":{"line":9,"column":77},"end":{"line":9,"column":87}}]}},"s":{"0":0,"1":0,"2":0,"3":0,"4":0,"5":0},"f":{"0":0},"b":{"0":[0],"1":[0]}}
,"C:\\Users\\Felipe Vaz\\source\\repos\\Lumi-Extract\\src\\03 - Service\\AuthService.ts": {"path":"C:\\Users\\Felipe Vaz\\source\\repos\\Lumi-Extract\\src\\03 - Service\\AuthService.ts","statementMap":{"0":{"start":{"line":4,"column":0},"end":{"line":4,"column":99}},"1":{"start":{"line":5,"column":0},"end":{"line":5,"column":87}},"2":{"start":{"line":19,"column":8},"end":{"line":19,"column":45}},"3":{"start":{"line":20,"column":8},"end":{"line":20,"column":59}},"4":{"start":{"line":21,"column":8},"end":{"line":21,"column":51}},"5":{"start":{"line":27,"column":29},"end":{"line":27,"column":73}},"6":{"start":{"line":28,"column":8},"end":{"line":31,"column":9}},"7":{"start":{"line":30,"column":12},"end":{"line":30,"column":24}},"8":{"start":{"line":34,"column":32},"end":{"line":34,"column":101}},"9":{"start":{"line":35,"column":8},"end":{"line":38,"column":9}},"10":{"start":{"line":37,"column":12},"end":{"line":37,"column":24}},"11":{"start":{"line":41,"column":23},"end":{"line":41,"column":38}},"12":{"start":{"line":42,"column":8},"end":{"line":45,"column":9}},"13":{"start":{"line":44,"column":12},"end":{"line":44,"column":24}},"14":{"start":{"line":48,"column":28},"end":{"line":48,"column":77}},"15":{"start":{"line":49,"column":8},"end":{"line":52,"column":9}},"16":{"start":{"line":51,"column":12},"end":{"line":51,"column":24}},"17":{"start":{"line":55,"column":24},"end":{"line":55,"column":95}},"18":{"start":{"line":56,"column":8},"end":{"line":59,"column":9}},"19":{"start":{"line":58,"column":12},"end":{"line":58,"column":24}},"20":{"start":{"line":62,"column":37},"end":{"line":67,"column":10}},"21":{"start":{"line":70,"column":8},"end":{"line":70,"column":36}},"22":{"start":{"line":7,"column":0},"end":{"line":7,"column":13}}},"fnMap":{"0":{"name":"(anonymous_0)","decl":{"start":{"line":13,"column":4},"end":{"line":13,"column":null}},"loc":{"start":{"line":16,"column":45},"end":{"line":22,"column":5}}},"1":{"name":"(anonymous_1)","decl":{"start":{"line":24,"column":11},"end":{"line":24,"column":16}},"loc":{"start":{"line":24,"column":54},"end":{"line":71,"column":5}}}},"branchMap":{"0":{"loc":{"start":{"line":28,"column":8},"end":{"line":31,"column":9}},"type":"if","locations":[{"start":{"line":28,"column":8},"end":{"line":31,"column":9}}]},"1":{"loc":{"start":{"line":35,"column":8},"end":{"line":38,"column":9}},"type":"if","locations":[{"start":{"line":35,"column":8},"end":{"line":38,"column":9}}]},"2":{"loc":{"start":{"line":42,"column":8},"end":{"line":45,"column":9}},"type":"if","locations":[{"start":{"line":42,"column":8},"end":{"line":45,"column":9}}]},"3":{"loc":{"start":{"line":49,"column":8},"end":{"line":52,"column":9}},"type":"if","locations":[{"start":{"line":49,"column":8},"end":{"line":52,"column":9}}]},"4":{"loc":{"start":{"line":49,"column":12},"end":{"line":49,"column":69}},"type":"binary-expr","locations":[{"start":{"line":49,"column":12},"end":{"line":49,"column":24}},{"start":{"line":49,"column":28},"end":{"line":49,"column":69}}]},"5":{"loc":{"start":{"line":56,"column":8},"end":{"line":59,"column":9}},"type":"if","locations":[{"start":{"line":56,"column":8},"end":{"line":59,"column":9}}]}},"s":{"0":0,"1":0,"2":0,"3":0,"4":0,"5":0,"6":0,"7":0,"8":0,"9":0,"10":0,"11":0,"12":0,"13":0,"14":0,"15":0,"16":0,"17":0,"18":0,"19":0,"20":0,"21":0,"22":0},"f":{"0":0,"1":0},"b":{"0":[0],"1":[0],"2":[0],"3":[0],"4":[0,0],"5":[0]}}
,"C:\\Users\\Felipe Vaz\\source\\repos\\Lumi-Extract\\src\\03 - Service\\PdfDataService.ts": {"path":"C:\\Users\\Felipe Vaz\\source\\repos\\Lumi-Extract\\src\\03 - Service\\PdfDataService.ts","statementMap":{"0":{"start":{"line":1,"column":0},"end":{"line":1,"column":95}},"1":{"start":{"line":2,"column":0},"end":{"line":2,"column":95}},"2":{"start":{"line":3,"column":0},"end":{"line":3,"column":107}},"3":{"start":{"line":4,"column":0},"end":{"line":4,"column":93}},"4":{"start":{"line":5,"column":0},"end":{"line":5,"column":91}},"5":{"start":{"line":9,"column":6},"end":{"line":73,"column":7}},"6":{"start":{"line":11,"column":27},"end":{"line":13,"column":10}},"7":{"start":{"line":16,"column":8},"end":{"line":21,"column":9}},"8":{"start":{"line":17,"column":12},"end":{"line":20,"column":15}},"9":{"start":{"line":23,"column":8},"end":{"line":28,"column":11}},"10":{"start":{"line":31,"column":8},"end":{"line":41,"column":9}},"11":{"start":{"line":32,"column":12},"end":{"line":40,"column":15}},"12":{"start":{"line":44,"column":8},"end":{"line":52,"column":9}},"13":{"start":{"line":45,"column":12},"end":{"line":51,"column":15}},"14":{"start":{"line":55,"column":30},"end":{"line":55,"column":77}},"15":{"start":{"line":56,"column":27},"end":{"line":58,"column":18}},"16":{"start":{"line":59,"column":27},"end":{"line":59,"column":71}},"17":{"start":{"line":62,"column":8},"end":{"line":67,"column":11}},"18":{"start":{"line":70,"column":8},"end":{"line":70,"column":49}},"19":{"start":{"line":72,"column":8},"end":{"line":72,"column":66}},"20":{"start":{"line":77,"column":2},"end":{"line":77,"column":32}}},"fnMap":{"0":{"name":"(anonymous_0)","decl":{"start":{"line":8,"column":11},"end":{"line":8,"column":17}},"loc":{"start":{"line":8,"column":48},"end":{"line":74,"column":5}}}},"branchMap":{"0":{"loc":{"start":{"line":16,"column":8},"end":{"line":21,"column":9}},"type":"if","locations":[{"start":{"line":16,"column":8},"end":{"line":21,"column":9}}]},"1":{"loc":{"start":{"line":35,"column":25},"end":{"line":35,"column":55}},"type":"binary-expr","locations":[{"start":{"line":35,"column":25},"end":{"line":35,"column":46}},{"start":{"line":35,"column":50},"end":{"line":35,"column":55}}]},"2":{"loc":{"start":{"line":55,"column":30},"end":{"line":55,"column":77}},"type":"binary-expr","locations":[{"start":{"line":55,"column":30},"end":{"line":55,"column":69}},{"start":{"line":55,"column":73},"end":{"line":55,"column":77}}]},"3":{"loc":{"start":{"line":56,"column":27},"end":{"line":58,"column":18}},"type":"cond-expr","locations":[{"start":{"line":57,"column":14},"end":{"line":57,"column":60}},{"start":{"line":58,"column":14},"end":{"line":58,"column":18}}]},"4":{"loc":{"start":{"line":59,"column":27},"end":{"line":59,"column":71}},"type":"binary-expr","locations":[{"start":{"line":59,"column":27},"end":{"line":59,"column":63}},{"start":{"line":59,"column":67},"end":{"line":59,"column":71}}]}},"s":{"0":1,"1":1,"2":1,"3":1,"4":1,"5":3,"6":3,"7":3,"8":1,"9":3,"10":3,"11":15,"12":3,"13":39,"14":3,"15":3,"16":3,"17":3,"18":3,"19":0,"20":1},"f":{"0":3},"b":{"0":[1],"1":[15,15],"2":[3,0],"3":[0,3],"4":[3,3]}}
,"C:\\Users\\Felipe Vaz\\source\\repos\\Lumi-Extract\\src\\03 - Service\\PdfProcessingService.ts": {"path":"C:\\Users\\Felipe Vaz\\source\\repos\\Lumi-Extract\\src\\03 - Service\\PdfProcessingService.ts","statementMap":{"0":{"start":{"line":1,"column":0},"end":{"line":1,"column":20}},"1":{"start":{"line":2,"column":0},"end":{"line":2,"column":33}},"2":{"start":{"line":4,"column":0},"end":{"line":4,"column":46}},"3":{"start":{"line":5,"column":0},"end":{"line":5,"column":24}},"4":{"start":{"line":12,"column":8},"end":{"line":12,"column":51}},"5":{"start":{"line":17,"column":8},"end":{"line":41,"column":9}},"6":{"start":{"line":19,"column":31},"end":{"line":19,"column":56}},"7":{"start":{"line":22,"column":28},"end":{"line":22,"column":54}},"8":{"start":{"line":23,"column":31},"end":{"line":23,"column":43}},"9":{"start":{"line":26,"column":35},"end":{"line":26,"column":70}},"10":{"start":{"line":29,"column":29},"end":{"line":29,"column":52}},"11":{"start":{"line":32,"column":12},"end":{"line":32,"column":47}},"12":{"start":{"line":35,"column":12},"end":{"line":35,"column":64}},"13":{"start":{"line":37,"column":12},"end":{"line":37,"column":34}},"14":{"start":{"line":39,"column":12},"end":{"line":39,"column":61}},"15":{"start":{"line":40,"column":12},"end":{"line":40,"column":24}},"16":{"start":{"line":46,"column":22},"end":{"line":46,"column":69}},"17":{"start":{"line":46,"column":57},"end":{"line":46,"column":68}},"18":{"start":{"line":47,"column":26},"end":{"line":59,"column":10}},"19":{"start":{"line":61,"column":29},"end":{"line":61,"column":31}},"20":{"start":{"line":63,"column":8},"end":{"line":98,"column":11}},"21":{"start":{"line":65,"column":12},"end":{"line":68,"column":13}},"22":{"start":{"line":66,"column":16},"end":{"line":66,"column":52}},"23":{"start":{"line":67,"column":16},"end":{"line":67,"column":23}},"24":{"start":{"line":71,"column":12},"end":{"line":74,"column":13}},"25":{"start":{"line":72,"column":16},"end":{"line":72,"column":52}},"26":{"start":{"line":73,"column":16},"end":{"line":73,"column":23}},"27":{"start":{"line":77,"column":12},"end":{"line":81,"column":13}},"28":{"start":{"line":78,"column":16},"end":{"line":78,"column":48}},"29":{"start":{"line":79,"column":16},"end":{"line":79,"column":73}},"30":{"start":{"line":80,"column":16},"end":{"line":80,"column":23}},"31":{"start":{"line":84,"column":12},"end":{"line":88,"column":13}},"32":{"start":{"line":85,"column":16},"end":{"line":85,"column":56}},"33":{"start":{"line":86,"column":16},"end":{"line":86,"column":89}},"34":{"start":{"line":87,"column":16},"end":{"line":87,"column":23}},"35":{"start":{"line":91,"column":12},"end":{"line":93,"column":13}},"36":{"start":{"line":92,"column":16},"end":{"line":92,"column":74}},"37":{"start":{"line":95,"column":12},"end":{"line":97,"column":13}},"38":{"start":{"line":96,"column":16},"end":{"line":96,"column":74}},"39":{"start":{"line":100,"column":8},"end":{"line":100,"column":20}},"40":{"start":{"line":106,"column":22},"end":{"line":106,"column":166}},"41":{"start":{"line":107,"column":22},"end":{"line":107,"column":39}},"42":{"start":{"line":109,"column":8},"end":{"line":129,"column":9}},"43":{"start":{"line":110,"column":25},"end":{"line":110,"column":33}},"44":{"start":{"line":111,"column":31},"end":{"line":111,"column":71}},"45":{"start":{"line":112,"column":34},"end":{"line":112,"column":90}},"46":{"start":{"line":113,"column":26},"end":{"line":113,"column":126}},"47":{"start":{"line":115,"column":12},"end":{"line":120,"column":15}},"48":{"start":{"line":122,"column":31},"end":{"line":122,"column":62}},"49":{"start":{"line":123,"column":12},"end":{"line":128,"column":13}},"50":{"start":{"line":124,"column":16},"end":{"line":127,"column":19}},"51":{"start":{"line":134,"column":22},"end":{"line":134,"column":66}},"52":{"start":{"line":135,"column":22},"end":{"line":135,"column":39}},"53":{"start":{"line":137,"column":8},"end":{"line":144,"column":9}},"54":{"start":{"line":138,"column":12},"end":{"line":143,"column":15}},"55":{"start":{"line":149,"column":33},"end":{"line":149,"column":82}},"56":{"start":{"line":149,"column":54},"end":{"line":149,"column":81}},"57":{"start":{"line":150,"column":8},"end":{"line":157,"column":9}},"58":{"start":{"line":151,"column":32},"end":{"line":151,"column":59}},"59":{"start":{"line":152,"column":26},"end":{"line":152,"column":60}},"60":{"start":{"line":153,"column":12},"end":{"line":156,"column":13}},"61":{"start":{"line":154,"column":16},"end":{"line":154,"column":54}},"62":{"start":{"line":155,"column":16},"end":{"line":155,"column":57}},"63":{"start":{"line":162,"column":35},"end":{"line":162,"column":80}},"64":{"start":{"line":163,"column":8},"end":{"line":173,"column":9}},"65":{"start":{"line":164,"column":12},"end":{"line":164,"column":71}},"66":{"start":{"line":166,"column":35},"end":{"line":166,"column":82}},"67":{"start":{"line":166,"column":51},"end":{"line":166,"column":81}},"68":{"start":{"line":167,"column":12},"end":{"line":172,"column":13}},"69":{"start":{"line":168,"column":30},"end":{"line":168,"column":72}},"70":{"start":{"line":169,"column":16},"end":{"line":171,"column":17}},"71":{"start":{"line":170,"column":20},"end":{"line":170,"column":66}},"72":{"start":{"line":175,"column":31},"end":{"line":175,"column":72}},"73":{"start":{"line":175,"column":47},"end":{"line":175,"column":71}},"74":{"start":{"line":176,"column":8},"end":{"line":181,"column":9}},"75":{"start":{"line":177,"column":26},"end":{"line":177,"column":84}},"76":{"start":{"line":178,"column":12},"end":{"line":180,"column":13}},"77":{"start":{"line":179,"column":16},"end":{"line":179,"column":59}},"78":{"start":{"line":183,"column":31},"end":{"line":183,"column":75}},"79":{"start":{"line":183,"column":47},"end":{"line":183,"column":74}},"80":{"start":{"line":184,"column":8},"end":{"line":189,"column":9}},"81":{"start":{"line":185,"column":26},"end":{"line":185,"column":85}},"82":{"start":{"line":186,"column":12},"end":{"line":188,"column":13}},"83":{"start":{"line":187,"column":16},"end":{"line":187,"column":89}},"84":{"start":{"line":193,"column":0},"end":{"line":193,"column":36}}},"fnMap":{"0":{"name":"(anonymous_1)","decl":{"start":{"line":11,"column":4},"end":{"line":11,"column":null}},"loc":{"start":{"line":11,"column":4},"end":{"line":13,"column":5}}},"1":{"name":"(anonymous_2)","decl":{"start":{"line":16,"column":11},"end":{"line":16,"column":16}},"loc":{"start":{"line":16,"column":44},"end":{"line":42,"column":5}}},"2":{"name":"(anonymous_3)","decl":{"start":{"line":45,"column":12},"end":{"line":45,"column":30}},"loc":{"start":{"line":45,"column":49},"end":{"line":101,"column":5}}},"3":{"name":"(anonymous_4)","decl":{"start":{"line":46,"column":49},"end":{"line":46,"column":53}},"loc":{"start":{"line":46,"column":57},"end":{"line":46,"column":68}}},"4":{"name":"(anonymous_5)","decl":{"start":{"line":63,"column":22},"end":{"line":63,"column":26}},"loc":{"start":{"line":63,"column":29},"end":{"line":98,"column":9}}},"5":{"name":"(anonymous_6)","decl":{"start":{"line":104,"column":12},"end":{"line":104,"column":35}},"loc":{"start":{"line":104,"column":73},"end":{"line":130,"column":5}}},"6":{"name":"(anonymous_7)","decl":{"start":{"line":133,"column":12},"end":{"line":133,"column":35}},"loc":{"start":{"line":133,"column":73},"end":{"line":145,"column":5}}},"7":{"name":"(anonymous_8)","decl":{"start":{"line":148,"column":12},"end":{"line":148,"column":31}},"loc":{"start":{"line":148,"column":80},"end":{"line":158,"column":5}}},"8":{"name":"(anonymous_9)","decl":{"start":{"line":149,"column":49},"end":{"line":149,"column":50}},"loc":{"start":{"line":149,"column":54},"end":{"line":149,"column":81}}},"9":{"name":"(anonymous_10)","decl":{"start":{"line":161,"column":12},"end":{"line":161,"column":39}},"loc":{"start":{"line":161,"column":96},"end":{"line":190,"column":5}}},"10":{"name":"(anonymous_11)","decl":{"start":{"line":166,"column":46},"end":{"line":166,"column":47}},"loc":{"start":{"line":166,"column":51},"end":{"line":166,"column":81}}},"11":{"name":"(anonymous_12)","decl":{"start":{"line":175,"column":42},"end":{"line":175,"column":43}},"loc":{"start":{"line":175,"column":47},"end":{"line":175,"column":71}}},"12":{"name":"(anonymous_13)","decl":{"start":{"line":183,"column":42},"end":{"line":183,"column":43}},"loc":{"start":{"line":183,"column":47},"end":{"line":183,"column":74}}}},"branchMap":{"0":{"loc":{"start":{"line":65,"column":12},"end":{"line":68,"column":13}},"type":"if","locations":[{"start":{"line":65,"column":12},"end":{"line":68,"column":13}}]},"1":{"loc":{"start":{"line":71,"column":12},"end":{"line":74,"column":13}},"type":"if","locations":[{"start":{"line":71,"column":12},"end":{"line":74,"column":13}}]},"2":{"loc":{"start":{"line":77,"column":12},"end":{"line":81,"column":13}},"type":"if","locations":[{"start":{"line":77,"column":12},"end":{"line":81,"column":13}}]},"3":{"loc":{"start":{"line":84,"column":12},"end":{"line":88,"column":13}},"type":"if","locations":[{"start":{"line":84,"column":12},"end":{"line":88,"column":13}}]},"4":{"loc":{"start":{"line":91,"column":12},"end":{"line":93,"column":13}},"type":"if","locations":[{"start":{"line":91,"column":12},"end":{"line":93,"column":13}}]},"5":{"loc":{"start":{"line":95,"column":12},"end":{"line":97,"column":13}},"type":"if","locations":[{"start":{"line":95,"column":12},"end":{"line":97,"column":13}}]},"6":{"loc":{"start":{"line":109,"column":8},"end":{"line":129,"column":9}},"type":"if","locations":[{"start":{"line":109,"column":8},"end":{"line":129,"column":9}},{"start":{"line":121,"column":15},"end":{"line":129,"column":9}}]},"7":{"loc":{"start":{"line":111,"column":31},"end":{"line":111,"column":71}},"type":"cond-expr","locations":[{"start":{"line":111,"column":42},"end":{"line":111,"column":64}},{"start":{"line":111,"column":67},"end":{"line":111,"column":71}}]},"8":{"loc":{"start":{"line":112,"column":34},"end":{"line":112,"column":90}},"type":"cond-expr","locations":[{"start":{"line":112,"column":45},"end":{"line":112,"column":83}},{"start":{"line":112,"column":86},"end":{"line":112,"column":90}}]},"9":{"loc":{"start":{"line":113,"column":26},"end":{"line":113,"column":126}},"type":"cond-expr","locations":[{"start":{"line":113,"column":37},"end":{"line":113,"column":75}},{"start":{"line":113,"column":78},"end":{"line":113,"column":126}}]},"10":{"loc":{"start":{"line":113,"column":89},"end":{"line":113,"column":125}},"type":"binary-expr","locations":[{"start":{"line":113,"column":89},"end":{"line":113,"column":118}},{"start":{"line":113,"column":122},"end":{"line":113,"column":125}}]},"11":{"loc":{"start":{"line":123,"column":12},"end":{"line":128,"column":13}},"type":"if","locations":[{"start":{"line":123,"column":12},"end":{"line":128,"column":13}}]},"12":{"loc":{"start":{"line":137,"column":8},"end":{"line":144,"column":9}},"type":"if","locations":[{"start":{"line":137,"column":8},"end":{"line":144,"column":9}}]},"13":{"loc":{"start":{"line":150,"column":8},"end":{"line":157,"column":9}},"type":"if","locations":[{"start":{"line":150,"column":8},"end":{"line":157,"column":9}}]},"14":{"loc":{"start":{"line":153,"column":12},"end":{"line":156,"column":13}},"type":"if","locations":[{"start":{"line":153,"column":12},"end":{"line":156,"column":13}}]},"15":{"loc":{"start":{"line":163,"column":8},"end":{"line":173,"column":9}},"type":"if","locations":[{"start":{"line":163,"column":8},"end":{"line":173,"column":9}},{"start":{"line":165,"column":15},"end":{"line":173,"column":9}}]},"16":{"loc":{"start":{"line":167,"column":12},"end":{"line":172,"column":13}},"type":"if","locations":[{"start":{"line":167,"column":12},"end":{"line":172,"column":13}}]},"17":{"loc":{"start":{"line":169,"column":16},"end":{"line":171,"column":17}},"type":"if","locations":[{"start":{"line":169,"column":16},"end":{"line":171,"column":17}}]},"18":{"loc":{"start":{"line":176,"column":8},"end":{"line":181,"column":9}},"type":"if","locations":[{"start":{"line":176,"column":8},"end":{"line":181,"column":9}}]},"19":{"loc":{"start":{"line":178,"column":12},"end":{"line":180,"column":13}},"type":"if","locations":[{"start":{"line":178,"column":12},"end":{"line":180,"column":13}}]},"20":{"loc":{"start":{"line":184,"column":8},"end":{"line":189,"column":9}},"type":"if","locations":[{"start":{"line":184,"column":8},"end":{"line":189,"column":9}}]},"21":{"loc":{"start":{"line":186,"column":12},"end":{"line":188,"column":13}},"type":"if","locations":[{"start":{"line":186,"column":12},"end":{"line":188,"column":13}}]}},"s":{"0":1,"1":1,"2":1,"3":1,"4":1,"5":3,"6":3,"7":3,"8":3,"9":3,"10":3,"11":3,"12":3,"13":3,"14":0,"15":0,"16":3,"17":216,"18":3,"19":3,"20":3,"21":216,"22":3,"23":3,"24":213,"25":3,"26":3,"27":210,"28":3,"29":3,"30":3,"31":207,"32":3,"33":3,"34":3,"35":204,"36":21,"37":204,"38":81,"39":3,"40":21,"41":21,"42":21,"43":12,"44":12,"45":12,"46":12,"47":12,"48":9,"49":9,"50":3,"51":81,"52":81,"53":81,"54":39,"55":3,"56":117,"57":3,"58":3,"59":3,"60":3,"61":3,"62":3,"63":3,"64":3,"65":0,"66":3,"67":126,"68":3,"69":3,"70":3,"71":3,"72":3,"73":90,"74":3,"75":3,"76":3,"77":0,"78":3,"79":123,"80":3,"81":3,"82":3,"83":0,"84":1},"f":{"0":1,"1":3,"2":3,"3":216,"4":216,"5":21,"6":81,"7":3,"8":117,"9":3,"10":126,"11":90,"12":123},"b":{"0":[3],"1":[3],"2":[3],"3":[3],"4":[21],"5":[81],"6":[12,9],"7":[9,3],"8":[9,3],"9":[9,3],"10":[3,0],"11":[3],"12":[39],"13":[3],"14":[3],"15":[0,3],"16":[3],"17":[3],"18":[3],"19":[0],"20":[3],"21":[0]}}
,"C:\\Users\\Felipe Vaz\\source\\repos\\Lumi-Extract\\src\\03 - Service\\ProfileService.ts": {"path":"C:\\Users\\Felipe Vaz\\source\\repos\\Lumi-Extract\\src\\03 - Service\\ProfileService.ts","statementMap":{"0":{"start":{"line":1,"column":0},"end":{"line":1,"column":58}},"1":{"start":{"line":10,"column":8},"end":{"line":10,"column":51}},"2":{"start":{"line":15,"column":8},"end":{"line":15,"column":48}},"3":{"start":{"line":20,"column":8},"end":{"line":20,"column":51}},"4":{"start":{"line":25,"column":24},"end":{"line":28,"column":10}},"5":{"start":{"line":30,"column":8},"end":{"line":30,"column":52}},"6":{"start":{"line":35,"column":24},"end":{"line":35,"column":65}},"7":{"start":{"line":36,"column":8},"end":{"line":38,"column":9}},"8":{"start":{"line":37,"column":12},"end":{"line":37,"column":24}},"9":{"start":{"line":40,"column":8},"end":{"line":40,"column":49}},"10":{"start":{"line":41,"column":8},"end":{"line":41,"column":70}},"11":{"start":{"line":43,"column":8},"end":{"line":43,"column":54}},"12":{"start":{"line":48,"column":24},"end":{"line":48,"column":65}},"13":{"start":{"line":49,"column":8},"end":{"line":51,"column":9}},"14":{"start":{"line":50,"column":12},"end":{"line":50,"column":25}},"15":{"start":{"line":53,"column":8},"end":{"line":53,"column":53}},"16":{"start":{"line":54,"column":8},"end":{"line":54,"column":20}},"17":{"start":{"line":4,"column":0},"end":{"line":4,"column":13}}},"fnMap":{"0":{"name":"(anonymous_0)","decl":{"start":{"line":8,"column":4},"end":{"line":8,"column":16}},"loc":{"start":{"line":8,"column":53},"end":{"line":11,"column":5}}},"1":{"name":"(anonymous_1)","decl":{"start":{"line":13,"column":11},"end":{"line":13,"column":16}},"loc":{"start":{"line":13,"column":24},"end":{"line":16,"column":5}}},"2":{"name":"(anonymous_2)","decl":{"start":{"line":18,"column":11},"end":{"line":18,"column":16}},"loc":{"start":{"line":18,"column":36},"end":{"line":21,"column":5}}},"3":{"name":"(anonymous_3)","decl":{"start":{"line":23,"column":11},"end":{"line":23,"column":16}},"loc":{"start":{"line":23,"column":68},"end":{"line":31,"column":5}}},"4":{"name":"(anonymous_4)","decl":{"start":{"line":33,"column":11},"end":{"line":33,"column":16}},"loc":{"start":{"line":33,"column":83},"end":{"line":44,"column":5}}},"5":{"name":"(anonymous_5)","decl":{"start":{"line":46,"column":11},"end":{"line":46,"column":16}},"loc":{"start":{"line":46,"column":34},"end":{"line":55,"column":5}}}},"branchMap":{"0":{"loc":{"start":{"line":27,"column":25},"end":{"line":27,"column":47}},"type":"binary-expr","locations":[{"start":{"line":27,"column":25},"end":{"line":27,"column":41}},{"start":{"line":27,"column":45},"end":{"line":27,"column":47}}]},"1":{"loc":{"start":{"line":36,"column":8},"end":{"line":38,"column":9}},"type":"if","locations":[{"start":{"line":36,"column":8},"end":{"line":38,"column":9}}]},"2":{"loc":{"start":{"line":40,"column":23},"end":{"line":40,"column":48}},"type":"binary-expr","locations":[{"start":{"line":40,"column":23},"end":{"line":40,"column":32}},{"start":{"line":40,"column":36},"end":{"line":40,"column":48}}]},"3":{"loc":{"start":{"line":41,"column":30},"end":{"line":41,"column":69}},"type":"binary-expr","locations":[{"start":{"line":41,"column":30},"end":{"line":41,"column":46}},{"start":{"line":41,"column":50},"end":{"line":41,"column":69}}]},"4":{"loc":{"start":{"line":49,"column":8},"end":{"line":51,"column":9}},"type":"if","locations":[{"start":{"line":49,"column":8},"end":{"line":51,"column":9}}]}},"s":{"0":0,"1":0,"2":0,"3":0,"4":0,"5":0,"6":0,"7":0,"8":0,"9":0,"10":0,"11":0,"12":0,"13":0,"14":0,"15":0,"16":0,"17":0},"f":{"0":0,"1":0,"2":0,"3":0,"4":0,"5":0},"b":{"0":[0,0],"1":[0],"2":[0,0],"3":[0,0],"4":[0]}}
,"C:\\Users\\Felipe Vaz\\source\\repos\\Lumi-Extract\\src\\03 - Service\\UserProfileService.ts": {"path":"C:\\Users\\Felipe Vaz\\source\\repos\\Lumi-Extract\\src\\03 - Service\\UserProfileService.ts","statementMap":{"0":{"start":{"line":1,"column":0},"end":{"line":1,"column":66}},"1":{"start":{"line":10,"column":8},"end":{"line":10,"column":59}},"2":{"start":{"line":15,"column":8},"end":{"line":15,"column":52}},"3":{"start":{"line":20,"column":8},"end":{"line":20,"column":59}},"4":{"start":{"line":25,"column":28},"end":{"line":28,"column":10}},"5":{"start":{"line":30,"column":8},"end":{"line":30,"column":60}},"6":{"start":{"line":35,"column":28},"end":{"line":35,"column":77}},"7":{"start":{"line":36,"column":8},"end":{"line":38,"column":9}},"8":{"start":{"line":37,"column":12},"end":{"line":37,"column":24}},"9":{"start":{"line":40,"column":8},"end":{"line":40,"column":47}},"10":{"start":{"line":42,"column":8},"end":{"line":42,"column":62}},"11":{"start":{"line":47,"column":28},"end":{"line":47,"column":77}},"12":{"start":{"line":48,"column":8},"end":{"line":50,"column":9}},"13":{"start":{"line":49,"column":12},"end":{"line":49,"column":25}},"14":{"start":{"line":52,"column":8},"end":{"line":52,"column":61}},"15":{"start":{"line":53,"column":8},"end":{"line":53,"column":20}},"16":{"start":{"line":4,"column":0},"end":{"line":4,"column":13}}},"fnMap":{"0":{"name":"(anonymous_0)","decl":{"start":{"line":8,"column":4},"end":{"line":8,"column":16}},"loc":{"start":{"line":8,"column":61},"end":{"line":11,"column":5}}},"1":{"name":"(anonymous_1)","decl":{"start":{"line":13,"column":11},"end":{"line":13,"column":16}},"loc":{"start":{"line":13,"column":24},"end":{"line":16,"column":5}}},"2":{"name":"(anonymous_2)","decl":{"start":{"line":18,"column":11},"end":{"line":18,"column":16}},"loc":{"start":{"line":18,"column":40},"end":{"line":21,"column":5}}},"3":{"name":"(anonymous_3)","decl":{"start":{"line":23,"column":11},"end":{"line":23,"column":16}},"loc":{"start":{"line":23,"column":103},"end":{"line":31,"column":5}}},"4":{"name":"(anonymous_4)","decl":{"start":{"line":33,"column":11},"end":{"line":33,"column":16}},"loc":{"start":{"line":33,"column":67},"end":{"line":43,"column":5}}},"5":{"name":"(anonymous_5)","decl":{"start":{"line":45,"column":11},"end":{"line":45,"column":16}},"loc":{"start":{"line":45,"column":38},"end":{"line":54,"column":5}}}},"branchMap":{"0":{"loc":{"start":{"line":36,"column":8},"end":{"line":38,"column":9}},"type":"if","locations":[{"start":{"line":36,"column":8},"end":{"line":38,"column":9}}]},"1":{"loc":{"start":{"line":48,"column":8},"end":{"line":50,"column":9}},"type":"if","locations":[{"start":{"line":48,"column":8},"end":{"line":50,"column":9}}]}},"s":{"0":0,"1":0,"2":0,"3":0,"4":0,"5":0,"6":0,"7":0,"8":0,"9":0,"10":0,"11":0,"12":0,"13":0,"14":0,"15":0,"16":0},"f":{"0":0,"1":0,"2":0,"3":0,"4":0,"5":0},"b":{"0":[0],"1":[0]}}
,"C:\\Users\\Felipe Vaz\\source\\repos\\Lumi-Extract\\src\\03 - Service\\UserService.ts": {"path":"C:\\Users\\Felipe Vaz\\source\\repos\\Lumi-Extract\\src\\03 - Service\\UserService.ts","statementMap":{"0":{"start":{"line":1,"column":0},"end":{"line":1,"column":52}},"1":{"start":{"line":2,"column":0},"end":{"line":2,"column":66}},"2":{"start":{"line":5,"column":0},"end":{"line":5,"column":99}},"3":{"start":{"line":18,"column":8},"end":{"line":18,"column":45}},"4":{"start":{"line":19,"column":8},"end":{"line":19,"column":59}},"5":{"start":{"line":24,"column":8},"end":{"line":24,"column":45}},"6":{"start":{"line":29,"column":8},"end":{"line":29,"column":48}},"7":{"start":{"line":34,"column":29},"end":{"line":34,"column":78}},"8":{"start":{"line":35,"column":8},"end":{"line":38,"column":9}},"9":{"start":{"line":37,"column":12},"end":{"line":37,"column":44}},"10":{"start":{"line":41,"column":31},"end":{"line":41,"column":79}},"11":{"start":{"line":44,"column":21},"end":{"line":47,"column":11}},"12":{"start":{"line":49,"column":28},"end":{"line":52,"column":10}},"13":{"start":{"line":54,"column":8},"end":{"line":54,"column":59}},"14":{"start":{"line":56,"column":8},"end":{"line":56,"column":20}},"15":{"start":{"line":61,"column":21},"end":{"line":61,"column":59}},"16":{"start":{"line":62,"column":8},"end":{"line":65,"column":9}},"17":{"start":{"line":64,"column":12},"end":{"line":64,"column":24}},"18":{"start":{"line":67,"column":8},"end":{"line":67,"column":43}},"19":{"start":{"line":68,"column":8},"end":{"line":68,"column":46}},"20":{"start":{"line":71,"column":8},"end":{"line":74,"column":9}},"21":{"start":{"line":73,"column":12},"end":{"line":73,"column":77}},"22":{"start":{"line":76,"column":8},"end":{"line":76,"column":80}},"23":{"start":{"line":78,"column":8},"end":{"line":78,"column":48}},"24":{"start":{"line":83,"column":21},"end":{"line":83,"column":59}},"25":{"start":{"line":84,"column":8},"end":{"line":87,"column":9}},"26":{"start":{"line":86,"column":12},"end":{"line":86,"column":25}},"27":{"start":{"line":89,"column":8},"end":{"line":89,"column":47}},"28":{"start":{"line":90,"column":8},"end":{"line":90,"column":20}},"29":{"start":{"line":7,"column":0},"end":{"line":7,"column":13}}},"fnMap":{"0":{"name":"(anonymous_0)","decl":{"start":{"line":13,"column":4},"end":{"line":13,"column":null}},"loc":{"start":{"line":15,"column":53},"end":{"line":20,"column":5}}},"1":{"name":"(anonymous_1)","decl":{"start":{"line":22,"column":11},"end":{"line":22,"column":16}},"loc":{"start":{"line":22,"column":24},"end":{"line":25,"column":5}}},"2":{"name":"(anonymous_2)","decl":{"start":{"line":27,"column":11},"end":{"line":27,"column":16}},"loc":{"start":{"line":27,"column":36},"end":{"line":30,"column":5}}},"3":{"name":"(anonymous_3)","decl":{"start":{"line":32,"column":11},"end":{"line":32,"column":16}},"loc":{"start":{"line":32,"column":95},"end":{"line":57,"column":5}}},"4":{"name":"(anonymous_4)","decl":{"start":{"line":59,"column":11},"end":{"line":59,"column":16}},"loc":{"start":{"line":59,"column":113},"end":{"line":79,"column":5}}},"5":{"name":"(anonymous_5)","decl":{"start":{"line":81,"column":11},"end":{"line":81,"column":16}},"loc":{"start":{"line":81,"column":34},"end":{"line":91,"column":5}}}},"branchMap":{"0":{"loc":{"start":{"line":35,"column":8},"end":{"line":38,"column":9}},"type":"if","locations":[{"start":{"line":35,"column":8},"end":{"line":38,"column":9}}]},"1":{"loc":{"start":{"line":62,"column":8},"end":{"line":65,"column":9}},"type":"if","locations":[{"start":{"line":62,"column":8},"end":{"line":65,"column":9}}]},"2":{"loc":{"start":{"line":67,"column":20},"end":{"line":67,"column":42}},"type":"binary-expr","locations":[{"start":{"line":67,"column":20},"end":{"line":67,"column":29}},{"start":{"line":67,"column":33},"end":{"line":67,"column":42}}]},"3":{"loc":{"start":{"line":68,"column":21},"end":{"line":68,"column":45}},"type":"binary-expr","locations":[{"start":{"line":68,"column":21},"end":{"line":68,"column":31}},{"start":{"line":68,"column":35},"end":{"line":68,"column":45}}]},"4":{"loc":{"start":{"line":71,"column":8},"end":{"line":74,"column":9}},"type":"if","locations":[{"start":{"line":71,"column":8},"end":{"line":74,"column":9}}]},"5":{"loc":{"start":{"line":76,"column":23},"end":{"line":76,"column":79}},"type":"cond-expr","locations":[{"start":{"line":76,"column":52},"end":{"line":76,"column":64}},{"start":{"line":76,"column":67},"end":{"line":76,"column":79}}]},"6":{"loc":{"start":{"line":84,"column":8},"end":{"line":87,"column":9}},"type":"if","locations":[{"start":{"line":84,"column":8},"end":{"line":87,"column":9}}]}},"s":{"0":0,"1":0,"2":0,"3":0,"4":0,"5":0,"6":0,"7":0,"8":0,"9":0,"10":0,"11":0,"12":0,"13":0,"14":0,"15":0,"16":0,"17":0,"18":0,"19":0,"20":0,"21":0,"22":0,"23":0,"24":0,"25":0,"26":0,"27":0,"28":0,"29":0},"f":{"0":0,"1":0,"2":0,"3":0,"4":0,"5":0},"b":{"0":[0],"1":[0],"2":[0,0],"3":[0,0],"4":[0],"5":[0,0],"6":[0]}}
,"C:\\Users\\Felipe Vaz\\source\\repos\\Lumi-Extract\\src\\04 - Infrastructure\\4.1 - Data\\Models\\BillingValueModel.ts": {"path":"C:\\Users\\Felipe Vaz\\source\\repos\\Lumi-Extract\\src\\04 - Infrastructure\\4.1 - Data\\Models\\BillingValueModel.ts","statementMap":{"0":{"start":{"line":1,"column":0},"end":{"line":1,"column":93}},"1":{"start":{"line":2,"column":0},"end":{"line":2,"column":56}},"2":{"start":{"line":5,"column":7},"end":{"line":52,"column":null}},"3":{"start":{"line":5,"column":13},"end":{"line":5,"column":30}},"4":{"start":{"line":11,"column":4},"end":{"line":11,"column":null}},"5":{"start":{"line":6,"column":22},"end":{"line":6,"column":39}},"6":{"start":{"line":17,"column":4},"end":{"line":17,"column":null}},"7":{"start":{"line":23,"column":4},"end":{"line":23,"column":null}},"8":{"start":{"line":29,"column":4},"end":{"line":29,"column":null}},"9":{"start":{"line":35,"column":4},"end":{"line":35,"column":null}},"10":{"start":{"line":41,"column":4},"end":{"line":41,"column":null}},"11":{"start":{"line":48,"column":4},"end":{"line":48,"column":null}},"12":{"start":{"line":51,"column":4},"end":{"line":51,"column":null}},"13":{"start":{"line":50,"column":21},"end":{"line":50,"column":38}},"14":{"start":{"line":5,"column":13},"end":{"line":52,"column":null}}},"fnMap":{"0":{"name":"(anonymous_2)","decl":{"start":{"line":6,"column":16},"end":{"line":6,"column":19}},"loc":{"start":{"line":6,"column":22},"end":{"line":6,"column":39}}},"1":{"name":"(anonymous_3)","decl":{"start":{"line":50,"column":15},"end":{"line":50,"column":18}},"loc":{"start":{"line":50,"column":21},"end":{"line":50,"column":38}}}},"branchMap":{},"s":{"0":1,"1":1,"2":1,"3":1,"4":1,"5":2,"6":1,"7":1,"8":1,"9":1,"10":1,"11":1,"12":1,"13":2,"14":1},"f":{"0":2,"1":2},"b":{}}
,"C:\\Users\\Felipe Vaz\\source\\repos\\Lumi-Extract\\src\\04 - Infrastructure\\4.1 - Data\\Models\\ConsumptionHistoryModel.ts": {"path":"C:\\Users\\Felipe Vaz\\source\\repos\\Lumi-Extract\\src\\04 - Infrastructure\\4.1 - Data\\Models\\ConsumptionHistoryModel.ts","statementMap":{"0":{"start":{"line":1,"column":0},"end":{"line":1,"column":93}},"1":{"start":{"line":2,"column":0},"end":{"line":2,"column":56}},"2":{"start":{"line":5,"column":7},"end":{"line":39,"column":null}},"3":{"start":{"line":5,"column":13},"end":{"line":5,"column":36}},"4":{"start":{"line":11,"column":4},"end":{"line":11,"column":null}},"5":{"start":{"line":6,"column":22},"end":{"line":6,"column":39}},"6":{"start":{"line":17,"column":4},"end":{"line":17,"column":null}},"7":{"start":{"line":23,"column":4},"end":{"line":23,"column":null}},"8":{"start":{"line":29,"column":4},"end":{"line":29,"column":null}},"9":{"start":{"line":35,"column":4},"end":{"line":35,"column":null}},"10":{"start":{"line":38,"column":4},"end":{"line":38,"column":null}},"11":{"start":{"line":37,"column":21},"end":{"line":37,"column":38}},"12":{"start":{"line":5,"column":13},"end":{"line":39,"column":null}}},"fnMap":{"0":{"name":"(anonymous_2)","decl":{"start":{"line":6,"column":16},"end":{"line":6,"column":19}},"loc":{"start":{"line":6,"column":22},"end":{"line":6,"column":39}}},"1":{"name":"(anonymous_3)","decl":{"start":{"line":37,"column":15},"end":{"line":37,"column":18}},"loc":{"start":{"line":37,"column":21},"end":{"line":37,"column":38}}}},"branchMap":{},"s":{"0":1,"1":1,"2":1,"3":1,"4":1,"5":2,"6":1,"7":1,"8":1,"9":1,"10":1,"11":2,"12":1},"f":{"0":2,"1":2},"b":{}}
,"C:\\Users\\Felipe Vaz\\source\\repos\\Lumi-Extract\\src\\04 - Infrastructure\\4.1 - Data\\Models\\InstallationModel.ts": {"path":"C:\\Users\\Felipe Vaz\\source\\repos\\Lumi-Extract\\src\\04 - Infrastructure\\4.1 - Data\\Models\\InstallationModel.ts","statementMap":{"0":{"start":{"line":1,"column":0},"end":{"line":1,"column":null}},"1":{"start":{"line":4,"column":2},"end":{"line":4,"column":58}},"2":{"start":{"line":5,"column":2},"end":{"line":5,"column":70}},"3":{"start":{"line":6,"column":2},"end":{"line":6,"column":56}},"4":{"start":{"line":7,"column":2},"end":{"line":7,"column":48}},"5":{"start":{"line":8,"column":2},"end":{"line":8,"column":60}},"6":{"start":{"line":9,"column":2},"end":{"line":9,"column":54}},"7":{"start":{"line":12,"column":9},"end":{"line":42,"column":null}},"8":{"start":{"line":12,"column":15},"end":{"line":12,"column":32}},"9":{"start":{"line":17,"column":4},"end":{"line":17,"column":null}},"10":{"start":{"line":23,"column":4},"end":{"line":23,"column":null}},"11":{"start":{"line":26,"column":4},"end":{"line":26,"column":null}},"12":{"start":{"line":25,"column":19},"end":{"line":25,"column":36}},"13":{"start":{"line":29,"column":4},"end":{"line":29,"column":null}},"14":{"start":{"line":28,"column":19},"end":{"line":28,"column":42}},"15":{"start":{"line":32,"column":4},"end":{"line":32,"column":null}},"16":{"start":{"line":31,"column":19},"end":{"line":31,"column":35}},"17":{"start":{"line":35,"column":4},"end":{"line":35,"column":null}},"18":{"start":{"line":34,"column":19},"end":{"line":34,"column":31}},"19":{"start":{"line":38,"column":4},"end":{"line":38,"column":null}},"20":{"start":{"line":37,"column":19},"end":{"line":37,"column":37}},"21":{"start":{"line":41,"column":4},"end":{"line":41,"column":null}},"22":{"start":{"line":40,"column":19},"end":{"line":40,"column":34}},"23":{"start":{"line":12,"column":15},"end":{"line":42,"column":null}}},"fnMap":{"0":{"name":"(anonymous_2)","decl":{"start":{"line":25,"column":13},"end":{"line":25,"column":16}},"loc":{"start":{"line":25,"column":19},"end":{"line":25,"column":36}}},"1":{"name":"(anonymous_3)","decl":{"start":{"line":28,"column":13},"end":{"line":28,"column":16}},"loc":{"start":{"line":28,"column":19},"end":{"line":28,"column":42}}},"2":{"name":"(anonymous_4)","decl":{"start":{"line":31,"column":13},"end":{"line":31,"column":16}},"loc":{"start":{"line":31,"column":19},"end":{"line":31,"column":35}}},"3":{"name":"(anonymous_5)","decl":{"start":{"line":34,"column":13},"end":{"line":34,"column":16}},"loc":{"start":{"line":34,"column":19},"end":{"line":34,"column":31}}},"4":{"name":"(anonymous_6)","decl":{"start":{"line":37,"column":13},"end":{"line":37,"column":16}},"loc":{"start":{"line":37,"column":19},"end":{"line":37,"column":37}}},"5":{"name":"(anonymous_7)","decl":{"start":{"line":40,"column":13},"end":{"line":40,"column":16}},"loc":{"start":{"line":40,"column":19},"end":{"line":40,"column":34}}}},"branchMap":{},"s":{"0":1,"1":1,"2":1,"3":1,"4":1,"5":1,"6":1,"7":1,"8":1,"9":1,"10":1,"11":1,"12":2,"13":1,"14":2,"15":1,"16":2,"17":1,"18":2,"19":1,"20":2,"21":1,"22":2,"23":1},"f":{"0":2,"1":2,"2":2,"3":2,"4":2,"5":2},"b":{}}
,"C:\\Users\\Felipe Vaz\\source\\repos\\Lumi-Extract\\src\\04 - Infrastructure\\4.1 - Data\\Models\\InvoiceModel.ts": {"path":"C:\\Users\\Felipe Vaz\\source\\repos\\Lumi-Extract\\src\\04 - Infrastructure\\4.1 - Data\\Models\\InvoiceModel.ts","statementMap":{"0":{"start":{"line":1,"column":0},"end":{"line":1,"column":93}},"1":{"start":{"line":2,"column":0},"end":{"line":2,"column":56}},"2":{"start":{"line":5,"column":7},"end":{"line":46,"column":null}},"3":{"start":{"line":5,"column":13},"end":{"line":5,"column":25}},"4":{"start":{"line":12,"column":4},"end":{"line":12,"column":null}},"5":{"start":{"line":7,"column":22},"end":{"line":7,"column":39}},"6":{"start":{"line":18,"column":4},"end":{"line":18,"column":null}},"7":{"start":{"line":24,"column":4},"end":{"line":24,"column":null}},"8":{"start":{"line":30,"column":4},"end":{"line":30,"column":null}},"9":{"start":{"line":36,"column":4},"end":{"line":36,"column":null}},"10":{"start":{"line":42,"column":4},"end":{"line":42,"column":null}},"11":{"start":{"line":45,"column":4},"end":{"line":45,"column":null}},"12":{"start":{"line":44,"column":21},"end":{"line":44,"column":38}},"13":{"start":{"line":5,"column":13},"end":{"line":46,"column":null}}},"fnMap":{"0":{"name":"(anonymous_2)","decl":{"start":{"line":7,"column":16},"end":{"line":7,"column":19}},"loc":{"start":{"line":7,"column":22},"end":{"line":7,"column":39}}},"1":{"name":"(anonymous_3)","decl":{"start":{"line":44,"column":15},"end":{"line":44,"column":18}},"loc":{"start":{"line":44,"column":21},"end":{"line":44,"column":38}}}},"branchMap":{},"s":{"0":1,"1":1,"2":1,"3":1,"4":1,"5":2,"6":1,"7":1,"8":1,"9":1,"10":1,"11":1,"12":2,"13":1},"f":{"0":2,"1":2},"b":{}}
[...]
ine":29,"column":8},"end":{"line":31,"column":9}},"10":{"start":{"line":30,"column":12},"end":{"line":30,"column":24}},"11":{"start":{"line":33,"column":8},"end":{"line":33,"column":74}},"12":{"start":{"line":35,"column":31},"end":{"line":35,"column":70}},"13":{"start":{"line":36,"column":8},"end":{"line":36,"column":74}},"14":{"start":{"line":41,"column":8},"end":{"line":41,"column":66}},"15":{"start":{"line":5,"column":0},"end":{"line":5,"column":13}}},"fnMap":{"0":{"name":"(anonymous_0)","decl":{"start":{"line":8,"column":11},"end":{"line":8,"column":16}},"loc":{"start":{"line":8,"column":24},"end":{"line":12,"column":5}}},"1":{"name":"(anonymous_1)","decl":{"start":{"line":11,"column":28},"end":{"line":11,"column":35}},"loc":{"start":{"line":11,"column":39},"end":{"line":11,"column":66}}},"2":{"name":"(anonymous_2)","decl":{"start":{"line":14,"column":11},"end":{"line":14,"column":16}},"loc":{"start":{"line":14,"column":36},"end":{"line":18,"column":5}}},"3":{"name":"(anonymous_3)","decl":{"start":{"line":20,"column":11},"end":{"line":20,"column":16}},"loc":{"start":{"line":20,"column":38},"end":{"line":24,"column":5}}},"4":{"name":"(anonymous_4)","decl":{"start":{"line":26,"column":11},"end":{"line":26,"column":16}},"loc":{"start":{"line":26,"column":40},"end":{"line":37,"column":5}}},"5":{"name":"(anonymous_5)","decl":{"start":{"line":39,"column":11},"end":{"line":39,"column":16}},"loc":{"start":{"line":39,"column":40},"end":{"line":42,"column":5}}}},"branchMap":{"0":{"loc":{"start":{"line":17,"column":15},"end":{"line":17,"column":59}},"type":"cond-expr","locations":[{"start":{"line":17,"column":25},"end":{"line":17,"column":52}},{"start":{"line":17,"column":55},"end":{"line":17,"column":59}}]},"1":{"loc":{"start":{"line":29,"column":8},"end":{"line":31,"column":9}},"type":"if","locations":[{"start":{"line":29,"column":8},"end":{"line":31,"column":9}}]},"2":{"loc":{"start":{"line":36,"column":15},"end":{"line":36,"column":73}},"type":"cond-expr","locations":[{"start":{"line":36,"column":32},"end":{"line":36,"column":66}},{"start":{"line":36,"column":69},"end":{"line":36,"column":73}}]}},"s":{"0":0,"1":0,"2":0,"3":0,"4":0,"5":0,"6":0,"7":0,"8":0,"9":0,"10":0,"11":0,"12":0,"13":0,"14":0,"15":0},"f":{"0":0,"1":0,"2":0,"3":0,"4":0,"5":0},"b":{"0":[0,0],"1":[0],"2":[0,0]}}
,"C:\\Users\\Felipe Vaz\\source\\repos\\Lumi-Extract\\src\\04 - Infrastructure\\4.1 - Data\\Repository\\UserProfileRepository.ts": {"path":"C:\\Users\\Felipe Vaz\\source\\repos\\Lumi-Extract\\src\\04 - Infrastructure\\4.1 - Data\\Repository\\UserProfileRepository.ts","statementMap":{"0":{"start":{"line":3,"column":0},"end":{"line":3,"column":62}},"1":{"start":{"line":10,"column":29},"end":{"line":10,"column":61}},"2":{"start":{"line":11,"column":8},"end":{"line":11,"column":84}},"3":{"start":{"line":11,"column":47},"end":{"line":11,"column":82}},"4":{"start":{"line":16,"column":28},"end":{"line":16,"column":85}},"5":{"start":{"line":17,"column":8},"end":{"line":17,"column":72}},"6":{"start":{"line":22,"column":35},"end":{"line":22,"column":84}},"7":{"start":{"line":23,"column":8},"end":{"line":23,"column":58}},"8":{"start":{"line":28,"column":36},"end":{"line":28,"column":109}},"9":{"start":{"line":29,"column":8},"end":{"line":31,"column":9}},"10":{"start":{"line":30,"column":12},"end":{"line":30,"column":24}},"11":{"start":{"line":33,"column":8},"end":{"line":33,"column":94}},"12":{"start":{"line":35,"column":35},"end":{"line":35,"column":108}},"13":{"start":{"line":36,"column":8},"end":{"line":36,"column":86}},"14":{"start":{"line":41,"column":8},"end":{"line":41,"column":82}},"15":{"start":{"line":5,"column":0},"end":{"line":5,"column":13}}},"fnMap":{"0":{"name":"(anonymous_0)","decl":{"start":{"line":8,"column":11},"end":{"line":8,"column":16}},"loc":{"start":{"line":8,"column":24},"end":{"line":12,"column":5}}},"1":{"name":"(anonymous_1)","decl":{"start":{"line":11,"column":32},"end":{"line":11,"column":43}},"loc":{"start":{"line":11,"column":47},"end":{"line":11,"column":82}}},"2":{"name":"(anonymous_2)","decl":{"start":{"line":14,"column":11},"end":{"line":14,"column":16}},"loc":{"start":{"line":14,"column":45},"end":{"line":18,"column":5}}},"3":{"name":"(anonymous_3)","decl":{"start":{"line":20,"column":11},"end":{"line":20,"column":16}},"loc":{"start":{"line":20,"column":46},"end":{"line":24,"column":5}}},"4":{"name":"(anonymous_4)","decl":{"start":{"line":26,"column":11},"end":{"line":26,"column":16}},"loc":{"start":{"line":26,"column":48},"end":{"line":37,"column":5}}},"5":{"name":"(anonymous_5)","decl":{"start":{"line":39,"column":11},"end":{"line":39,"column":16}},"loc":{"start":{"line":39,"column":48},"end":{"line":42,"column":5}}}},"branchMap":{"0":{"loc":{"start":{"line":17,"column":15},"end":{"line":17,"column":71}},"type":"cond-expr","locations":[{"start":{"line":17,"column":29},"end":{"line":17,"column":64}},{"start":{"line":17,"column":67},"end":{"line":17,"column":71}}]},"1":{"loc":{"start":{"line":29,"column":8},"end":{"line":31,"column":9}},"type":"if","locations":[{"start":{"line":29,"column":8},"end":{"line":31,"column":9}}]},"2":{"loc":{"start":{"line":36,"column":15},"end":{"line":36,"column":85}},"type":"cond-expr","locations":[{"start":{"line":36,"column":36},"end":{"line":36,"column":78}},{"start":{"line":36,"column":81},"end":{"line":36,"column":85}}]}},"s":{"0":0,"1":0,"2":0,"3":0,"4":0,"5":0,"6":0,"7":0,"8":0,"9":0,"10":0,"11":0,"12":0,"13":0,"14":0,"15":0},"f":{"0":0,"1":0,"2":0,"3":0,"4":0,"5":0},"b":{"0":[0,0],"1":[0],"2":[0,0]}}
,"C:\\Users\\Felipe Vaz\\source\\repos\\Lumi-Extract\\src\\04 - Infrastructure\\4.1 - Data\\Repository\\UserRepository.ts": {"path":"C:\\Users\\Felipe Vaz\\source\\repos\\Lumi-Extract\\src\\04 - Infrastructure\\4.1 - Data\\Repository\\UserRepository.ts","statementMap":{"0":{"start":{"line":3,"column":0},"end":{"line":3,"column":48}},"1":{"start":{"line":10,"column":22},"end":{"line":10,"column":47}},"2":{"start":{"line":11,"column":8},"end":{"line":11,"column":56}},"3":{"start":{"line":11,"column":33},"end":{"line":11,"column":54}},"4":{"start":{"line":16,"column":21},"end":{"line":16,"column":49}},"5":{"start":{"line":17,"column":8},"end":{"line":17,"column":51}},"6":{"start":{"line":22,"column":21},"end":{"line":22,"column":66}},"7":{"start":{"line":23,"column":8},"end":{"line":23,"column":53}},"8":{"start":{"line":28,"column":28},"end":{"line":28,"column":63}},"9":{"start":{"line":29,"column":8},"end":{"line":29,"column":44}},"10":{"start":{"line":34,"column":29},"end":{"line":34,"column":62}},"11":{"start":{"line":35,"column":8},"end":{"line":38,"column":9}},"12":{"start":{"line":37,"column":12},"end":{"line":37,"column":24}},"13":{"start":{"line":40,"column":8},"end":{"line":40,"column":65}},"14":{"start":{"line":42,"column":28},"end":{"line":42,"column":61}},"15":{"start":{"line":43,"column":8},"end":{"line":43,"column":65}},"16":{"start":{"line":48,"column":8},"end":{"line":48,"column":60}},"17":{"start":{"line":5,"column":0},"end":{"line":5,"column":13}}},"fnMap":{"0":{"name":"(anonymous_0)","decl":{"start":{"line":8,"column":11},"end":{"line":8,"column":16}},"loc":{"start":{"line":8,"column":24},"end":{"line":12,"column":5}}},"1":{"name":"(anonymous_1)","decl":{"start":{"line":11,"column":25},"end":{"line":11,"column":29}},"loc":{"start":{"line":11,"column":33},"end":{"line":11,"column":54}}},"2":{"name":"(anonymous_2)","decl":{"start":{"line":14,"column":11},"end":{"line":14,"column":16}},"loc":{"start":{"line":14,"column":36},"end":{"line":18,"column":5}}},"3":{"name":"(anonymous_3)","decl":{"start":{"line":20,"column":11},"end":{"line":20,"column":16}},"loc":{"start":{"line":20,"column":42},"end":{"line":24,"column":5}}},"4":{"name":"(anonymous_4)","decl":{"start":{"line":26,"column":11},"end":{"line":26,"column":16}},"loc":{"start":{"line":26,"column":32},"end":{"line":30,"column":5}}},"5":{"name":"(anonymous_5)","decl":{"start":{"line":32,"column":11},"end":{"line":32,"column":16}},"loc":{"start":{"line":32,"column":34},"end":{"line":44,"column":5}}},"6":{"name":"(anonymous_6)","decl":{"start":{"line":46,"column":11},"end":{"line":46,"column":16}},"loc":{"start":{"line":46,"column":34},"end":{"line":49,"column":5}}}},"branchMap":{"0":{"loc":{"start":{"line":17,"column":15},"end":{"line":17,"column":50}},"type":"cond-expr","locations":[{"start":{"line":17,"column":22},"end":{"line":17,"column":43}},{"start":{"line":17,"column":46},"end":{"line":17,"column":50}}]},"1":{"loc":{"start":{"line":23,"column":15},"end":{"line":23,"column":52}},"type":"cond-expr","locations":[{"start":{"line":23,"column":23},"end":{"line":23,"column":45}},{"start":{"line":23,"column":48},"end":{"line":23,"column":52}}]},"2":{"loc":{"start":{"line":35,"column":8},"end":{"line":38,"column":9}},"type":"if","locations":[{"start":{"line":35,"column":8},"end":{"line":38,"column":9}}]},"3":{"loc":{"start":{"line":43,"column":15},"end":{"line":43,"column":64}},"type":"cond-expr","locations":[{"start":{"line":43,"column":29},"end":{"line":43,"column":57}},{"start":{"line":43,"column":60},"end":{"line":43,"column":64}}]}},"s":{"0":0,"1":0,"2":0,"3":0,"4":0,"5":0,"6":0,"7":0,"8":0,"9":0,"10":0,"11":0,"12":0,"13":0,"14":0,"15":0,"16":0,"17":0},"f":{"0":0,"1":0,"2":0,"3":0,"4":0,"5":0,"6":0},"b":{"0":[0,0],"1":[0,0],"2":[0],"3":[0,0]}}
,"C:\\Users\\Felipe Vaz\\source\\repos\\Lumi-Extract\\src\\04 - Infrastructure\\4.2 - CrossCutting\\Helpers\\ExpirationTimeInMilliseconds.ts": {"path":"C:\\Users\\Felipe Vaz\\source\\repos\\Lumi-Extract\\src\\04 - Infrastructure\\4.2 - CrossCutting\\Helpers\\ExpirationTimeInMilliseconds.ts","statementMap":{"0":{"start":{"line":1,"column":44},"end":{"line":24,"column":1}},"1":{"start":{"line":4,"column":17},"end":{"line":4,"column":36}},"2":{"start":{"line":5,"column":19},"end":{"line":5,"column":51}},"3":{"start":{"line":7,"column":4},"end":{"line":10,"column":5}},"4":{"start":{"line":9,"column":8},"end":{"line":9,"column":97}},"5":{"start":{"line":12,"column":4},"end":{"line":22,"column":5}},"6":{"start":{"line":15,"column":12},"end":{"line":15,"column":43}},"7":{"start":{"line":17,"column":12},"end":{"line":17,"column":38}},"8":{"start":{"line":19,"column":12},"end":{"line":19,"column":33}},"9":{"start":{"line":21,"column":12},"end":{"line":21,"column":94}},"10":{"start":{"line":1,"column":13},"end":{"line":1,"column":44}}},"fnMap":{"0":{"name":"(anonymous_0)","decl":{"start":{"line":1,"column":44},"end":{"line":1,"column":45}},"loc":{"start":{"line":1,"column":74},"end":{"line":24,"column":1}}}},"branchMap":{"0":{"loc":{"start":{"line":7,"column":4},"end":{"line":10,"column":5}},"type":"if","locations":[{"start":{"line":7,"column":4},"end":{"line":10,"column":5}}]},"1":{"loc":{"start":{"line":12,"column":4},"end":{"line":22,"column":5}},"type":"switch","locations":[{"start":{"line":14,"column":8},"end":{"line":15,"column":43}},{"start":{"line":16,"column":8},"end":{"line":17,"column":38}},{"start":{"line":18,"column":8},"end":{"line":19,"column":33}},{"start":{"line":20,"column":8},"end":{"line":21,"column":94}}]}},"s":{"0":0,"1":0,"2":0,"3":0,"4":0,"5":0,"6":0,"7":0,"8":0,"9":0,"10":0},"f":{"0":0},"b":{"0":[0],"1":[0,0,0,0]}}
,"C:\\Users\\Felipe Vaz\\source\\repos\\Lumi-Extract\\src\\04 - Infrastructure\\4.2 - CrossCutting\\Middlewares\\JwtMiddleware.ts": {"path":"C:\\Users\\Felipe Vaz\\source\\repos\\Lumi-Extract\\src\\04 - Infrastructure\\4.2 - CrossCutting\\Middlewares\\JwtMiddleware.ts","statementMap":{"0":{"start":{"line":2,"column":0},"end":{"line":2,"column":48}},"1":{"start":{"line":6,"column":29},"end":{"line":45,"column":1}},"2":{"start":{"line":8,"column":4},"end":{"line":44,"column":6}},"3":{"start":{"line":10,"column":27},"end":{"line":10,"column":52}},"4":{"start":{"line":12,"column":8},"end":{"line":16,"column":9}},"5":{"start":{"line":14,"column":12},"end":{"line":14,"column":70}},"6":{"start":{"line":15,"column":12},"end":{"line":15,"column":19}},"7":{"start":{"line":18,"column":22},"end":{"line":18,"column":46}},"8":{"start":{"line":19,"column":24},"end":{"line":19,"column":51}},"9":{"start":{"line":21,"column":8},"end":{"line":25,"column":9}},"10":{"start":{"line":23,"column":12},"end":{"line":23,"column":77}},"11":{"start":{"line":24,"column":12},"end":{"line":24,"column":19}},"12":{"start":{"line":28,"column":8},"end":{"line":28,"column":41}},"13":{"start":{"line":31,"column":33},"end":{"line":31,"column":72}},"14":{"start":{"line":32,"column":30},"end":{"line":33,"column":null}},"15":{"start":{"line":33,"column":12},"end":{"line":33,"column":48}},"16":{"start":{"line":36,"column":8},"end":{"line":40,"column":9}},"17":{"start":{"line":38,"column":12},"end":{"line":38,"column":90}},"18":{"start":{"line":39,"column":12},"end":{"line":39,"column":19}},"19":{"start":{"line":43,"column":8},"end":{"line":43,"column":15}},"20":{"start":{"line":6,"column":13},"end":{"line":6,"column":29}}},"fnMap":{"0":{"name":"(anonymous_0)","decl":{"start":{"line":6,"column":29},"end":{"line":6,"column":30}},"loc":{"start":{"line":6,"column":68},"end":{"line":45,"column":1}}},"1":{"name":"(anonymous_1)","decl":{"start":{"line":8,"column":11},"end":{"line":8,"column":12}},"loc":{"start":{"line":8,"column":69},"end":{"line":44,"column":5}}},"2":{"name":"(anonymous_2)","decl":{"start":{"line":32,"column":56},"end":{"line":32,"column":66}},"loc":{"start":{"line":33,"column":12},"end":{"line":33,"column":48}}}},"branchMap":{"0":{"loc":{"start":{"line":6,"column":30},"end":{"line":6,"column":64}},"type":"default-arg","locations":[{"start":{"line":6,"column":62},"end":{"line":6,"column":64}}]},"1":{"loc":{"start":{"line":12,"column":8},"end":{"line":16,"column":9}},"type":"if","locations":[{"start":{"line":12,"column":8},"end":{"line":16,"column":9}}]},"2":{"loc":{"start":{"line":21,"column":8},"end":{"line":25,"column":9}},"type":"if","locations":[{"start":{"line":21,"column":8},"end":{"line":25,"column":9}}]},"3":{"loc":{"start":{"line":21,"column":12},"end":{"line":21,"column":51}},"type":"binary-expr","locations":[{"start":{"line":21,"column":12},"end":{"line":21,"column":20}},{"start":{"line":21,"column":24},"end":{"line":21,"column":51}}]},"4":{"loc":{"start":{"line":31,"column":33},"end":{"line":31,"column":72}},"type":"binary-expr","locations":[{"start":{"line":31,"column":33},"end":{"line":31,"column":66}},{"start":{"line":31,"column":70},"end":{"line":31,"column":72}}]},"5":{"loc":{"start":{"line":36,"column":8},"end":{"line":40,"column":9}},"type":"if","locations":[{"start":{"line":36,"column":8},"end":{"line":40,"column":9}}]}},"s":{"0":0,"1":0,"2":0,"3":0,"4":0,"5":0,"6":0,"7":0,"8":0,"9":0,"10":0,"11":0,"12":0,"13":0,"14":0,"15":0,"16":0,"17":0,"18":0,"19":0,"20":0},"f":{"0":0,"1":0,"2":0},"b":{"0":[0],"1":[0],"2":[0],"3":[0,0],"4":[0,0],"5":[0]}}
,"C:\\Users\\Felipe Vaz\\source\\repos\\Lumi-Extract\\src\\04 - Infrastructure\\4.2 - CrossCutting\\Security\\JwtToken.ts": {"path":"C:\\Users\\Felipe Vaz\\source\\repos\\Lumi-Extract\\src\\04 - Infrastructure\\4.2 - CrossCutting\\Security\\JwtToken.ts","statementMap":{"0":{"start":{"line":1,"column":0},"end":{"line":1,"column":31}},"1":{"start":{"line":2,"column":0},"end":{"line":2,"column":20}},"2":{"start":{"line":3,"column":0},"end":{"line":3,"column":24}},"3":{"start":{"line":4,"column":0},"end":{"line":4,"column":37}},"4":{"start":{"line":6,"column":0},"end":{"line":6,"column":87}},"5":{"start":{"line":9,"column":24},"end":{"line":9,"column":68}},"6":{"start":{"line":10,"column":20},"end":{"line":10,"column":73}},"7":{"start":{"line":27,"column":22},"end":{"line":27,"column":86}},"8":{"start":{"line":30,"column":26},"end":{"line":30,"column":134}},"9":{"start":{"line":32,"column":8},"end":{"line":32,"column":36}},"10":{"start":{"line":43,"column":8},"end":{"line":50,"column":9}},"11":{"start":{"line":45,"column":12},"end":{"line":45,"column":53}},"12":{"start":{"line":49,"column":12},"end":{"line":49,"column":24}},"13":{"start":{"line":12,"column":0},"end":{"line":12,"column":13}},"14":{"start":{"line":16,"column":19},"end":{"line":16,"column":63}},"15":{"start":{"line":17,"column":19},"end":{"line":17,"column":63}}},"fnMap":{"0":{"name":"(anonymous_1)","decl":{"start":{"line":24,"column":11},"end":{"line":24,"column":17}},"loc":{"start":{"line":24,"column":47},"end":{"line":34,"column":5}}},"1":{"name":"(anonymous_2)","decl":{"start":{"line":41,"column":11},"end":{"line":41,"column":17}},"loc":{"start":{"line":41,"column":43},"end":{"line":51,"column":5}}}},"branchMap":{},"s":{"0":0,"1":0,"2":0,"3":0,"4":0,"5":0,"6":0,"7":0,"8":0,"9":0,"10":0,"11":0,"12":0,"13":0,"14":0,"15":0},"f":{"0":0,"1":0},"b":{}}
,"C:\\Users\\Felipe Vaz\\source\\repos\\Lumi-Extract\\src\\04 - Infrastructure\\4.2 - CrossCutting\\Security\\PasswordHasher.ts": {"path":"C:\\Users\\Felipe Vaz\\source\\repos\\Lumi-Extract\\src\\04 - Infrastructure\\4.2 - CrossCutting\\Security\\PasswordHasher.ts","statementMap":{"0":{"start":{"line":1,"column":0},"end":{"line":1,"column":28}},"1":{"start":{"line":17,"column":21},"end":{"line":17,"column":72}},"2":{"start":{"line":18,"column":8},"end":{"line":23,"column":11}},"3":{"start":{"line":19,"column":12},"end":{"line":22,"column":15}},"4":{"start":{"line":20,"column":16},"end":{"line":20,"column":37}},"5":{"start":{"line":20,"column":25},"end":{"line":20,"column":37}},"6":{"start":{"line":21,"column":16},"end":{"line":21,"column":65}},"7":{"start":{"line":34,"column":28},"end":{"line":34,"column":53}},"8":{"start":{"line":35,"column":8},"end":{"line":40,"column":11}},"9":{"start":{"line":36,"column":12},"end":{"line":39,"column":15}},"10":{"start":{"line":37,"column":16},"end":{"line":37,"column":37}},"11":{"start":{"line":37,"column":25},"end":{"line":37,"column":37}},"12":{"start":{"line":38,"column":16},"end":{"line":38,"column":60}},"13":{"start":{"line":3,"column":0},"end":{"line":3,"column":13}},"14":{"start":{"line":5,"column":19},"end":{"line":5,"column":35}},"15":{"start":{"line":6,"column":19},"end":{"line":6,"column":39}},"16":{"start":{"line":7,"column":19},"end":{"line":7,"column":31}},"17":{"start":{"line":8,"column":19},"end":{"line":8,"column":37}}},"fnMap":{"0":{"name":"(anonymous_1)","decl":{"start":{"line":15,"column":11},"end":{"line":15,"column":17}},"loc":{"start":{"line":15,"column":53},"end":{"line":24,"column":5}}},"1":{"name":"(anonymous_2)","decl":{"start":{"line":18,"column":27},"end":{"line":18,"column":28}},"loc":{"start":{"line":18,"column":47},"end":{"line":23,"column":9}}},"2":{"name":"(anonymous_3)","decl":{"start":{"line":19,"column":85},"end":{"line":19,"column":86}},"loc":{"start":{"line":19,"column":105},"end":{"line":22,"column":13}}},"3":{"name":"(anonymous_4)","decl":{"start":{"line":32,"column":11},"end":{"line":32,"column":17}},"loc":{"start":{"line":32,"column":80},"end":{"line":41,"column":5}}},"4":{"name":"(anonymous_5)","decl":{"start":{"line":35,"column":27},"end":{"line":35,"column":28}},"loc":{"start":{"line":35,"column":47},"end":{"line":40,"column":9}}},"5":{"name":"(anonymous_6)","decl":{"start":{"line":36,"column":85},"end":{"line":36,"column":86}},"loc":{"start":{"line":36,"column":105},"end":{"line":39,"column":13}}}},"branchMap":{"0":{"loc":{"start":{"line":20,"column":16},"end":{"line":20,"column":37}},"type":"if","locations":[{"start":{"line":20,"column":16},"end":{"line":20,"column":37}}]},"1":{"loc":{"start":{"line":37,"column":16},"end":{"line":37,"column":37}},"type":"if","locations":[{"start":{"line":37,"column":16},"end":{"line":37,"column":37}}]}},"s":{"0":0,"1":0,"2":0,"3":0,"4":0,"5":0,"6":0,"7":0,"8":0,"9":0,"10":0,"11":0,"12":0,"13":0,"14":0,"15":0,"16":0,"17":0},"f":{"0":0,"1":0,"2":0,"3":0,"4":0,"5":0},"b":{"0":[0],"1":[0]}}
,"C:\\Users\\Felipe Vaz\\source\\repos\\Lumi-Extract\\src\\04 - Infrastructure\\4.2 - CrossCutting\\Types\\express.d.ts": {"path":"C:\\Users\\Felipe Vaz\\source\\repos\\Lumi-Extract\\src\\04 - Infrastructure\\4.2 - CrossCutting\\Types\\express.d.ts","statementMap":{},"fnMap":{},"branchMap":{},"s":{},"f":{},"b":{}}
}
