TN:
SF:src\01 - Application\Controllers\AuthController.ts
FN:18,(anonymous_0)
FN:60,(anonymous_1)
FNF:2
FNH:0
FNDA:0,(anonymous_0)
FNDA:0,(anonymous_1)
DA:2,0
DA:3,0
DA:4,0
DA:5,0
DA:13,0
DA:20,0
DA:21,0
DA:22,0
DA:23,0
DA:62,0
DA:65,0
DA:66,0
DA:68,0
DA:70,0
DA:74,0
DA:80,0
LF:16
LH:0
BRDA:68,0,0,0
BRDA:68,0,1,0
BRF:2
BRH:0
end_of_record
TN:
SF:src\01 - Application\Controllers\InstallationController.ts
FN:43,(anonymous_7)
FN:96,(anonymous_8)
FN:159,(anonymous_9)
FN:208,(anonymous_10)
FNF:4
FNH:0
FNDA:0,(anonymous_7)
FNDA:0,(anonymous_8)
FNDA:0,(anonymous_9)
FNDA:0,(anonymous_10)
DA:2,0
DA:3,0
DA:4,0
DA:5,0
DA:6,0
DA:7,0
DA:8,0
DA:10,0
DA:11,0
DA:19,0
DA:44,0
DA:45,0
DA:49,0
DA:50,0
DA:51,0
DA:54,0
DA:56,0
DA:97,0
DA:98,0
DA:100,0
DA:111,0
DA:112,0
DA:113,0
DA:116,0
DA:118,0
DA:160,0
DA:161,0
DA:164,0
DA:169,0
DA:170,0
DA:171,0
DA:174,0
DA:176,0
DA:177,0
DA:209,0
DA:210,0
DA:213,0
DA:215,0
DA:216,0
DA:217,0
DA:221,0
DA:224,0
DA:225,0
DA:226,0
DA:230,0
DA:232,0
DA:233,0
LF:47
LH:0
BRDA:49,0,0,0
BRDA:111,1,0,0
BRDA:169,2,0,0
BRDA:215,3,0,0
BRDA:224,4,0,0
BRF:5
BRH:0
end_of_record
TN:
SF:src\01 - Application\Controllers\ProfileController.ts
FN:16,(anonymous_0)
FN:47,(anonymous_1)
FN:92,(anonymous_2)
FN:141,(anonymous_3)
FN:187,(anonymous_4)
FN:229,(anonymous_5)
FNF:6
FNH:0
FNDA:0,(anonymous_0)
FNDA:0,(anonymous_1)
FNDA:0,(anonymous_2)
FNDA:0,(anonymous_3)
FNDA:0,(anonymous_4)
FNDA:0,(anonymous_5)
DA:2,0
DA:3,0
DA:11,0
DA:18,0
DA:19,0
DA:49,0
DA:51,0
DA:52,0
DA:56,0
DA:94,0
DA:96,0
DA:97,0
DA:99,0
DA:101,0
DA:105,0
DA:110,0
DA:143,0
DA:145,0
DA:146,0
DA:147,0
DA:151,0
DA:189,0
DA:191,0
DA:192,0
DA:193,0
DA:195,0
DA:197,0
DA:201,0
DA:206,0
DA:231,0
DA:233,0
DA:234,0
DA:236,0
DA:238,0
DA:242,0
DA:247,0
LF:36
LH:0
BRDA:99,0,0,0
BRDA:99,0,1,0
BRDA:195,1,0,0
BRDA:195,1,1,0
BRDA:236,2,0,0
BRDA:236,2,1,0
BRF:6
BRH:0
end_of_record
TN:
SF:src\01 - Application\Controllers\UploadController.ts
FN:17,(anonymous_1)
FN:48,(anonymous_2)
FN:87,(anonymous_3)
FN:90,(anonymous_4)
FN:97,(anonymous_5)
FNF:5
FNH:0
FNDA:0,(anonymous_1)
FNDA:0,(anonymous_2)
FNDA:0,(anonymous_3)
FNDA:0,(anonymous_4)
FNDA:0,(anonymous_5)
DA:2,0
DA:3,0
DA:4,0
DA:5,0
DA:13,0
DA:18,0
DA:49,0
DA:50,0
DA:51,0
DA:52,0
DA:56,0
DA:57,0
DA:59,0
DA:61,0
DA:63,0
DA:65,0
DA:70,0
DA:72,0
DA:78,0
DA:81,0
DA:82,0
DA:86,0
DA:88,0
DA:91,0
DA:92,0
DA:97,0
DA:98,0
DA:99,0
DA:101,0
DA:106,0
LF:30
LH:0
BRDA:50,0,0,0
BRDA:50,1,0,0
BRDA:50,1,1,0
BRDA:50,1,2,0
BRDA:81,2,0,0
BRDA:98,3,0,0
BRDA:98,3,1,0
BRF:7
BRH:0
end_of_record
TN:
SF:src\01 - Application\Controllers\UserController.ts
FN:17,(anonymous_0)
FN:47,(anonymous_1)
FN:90,(anonymous_2)
FN:141,(anonymous_3)
FN:194,(anonymous_4)
FN:237,(anonymous_5)
FNF:6
FNH:0
FNDA:0,(anonymous_0)
FNDA:0,(anonymous_1)
FNDA:0,(anonymous_2)
FNDA:0,(anonymous_3)
FNDA:0,(anonymous_4)
FNDA:0,(anonymous_5)
DA:2,0
DA:3,0
DA:4,0
DA:12,0
DA:19,0
DA:20,0
DA:21,0
DA:49,0
DA:51,0
DA:52,0
DA:56,0
DA:92,0
DA:94,0
DA:95,0
DA:97,0
DA:99,0
DA:103,0
DA:108,0
DA:143,0
DA:145,0
DA:146,0
DA:147,0
DA:151,0
DA:153,0
DA:157,0
DA:196,0
DA:198,0
DA:199,0
DA:200,0
DA:202,0
DA:204,0
DA:208,0
DA:214,0
DA:239,0
DA:241,0
DA:242,0
DA:244,0
DA:245,0
DA:247,0
DA:253,0
LF:40
LH:0
BRDA:97,0,0,0
BRDA:97,0,1,0
BRDA:151,1,0,0
BRDA:151,1,1,0
BRDA:202,2,0,0
BRDA:202,2,1,0
BRDA:244,3,0,0
BRDA:244,3,1,0
BRF:8
BRH:0
end_of_record
TN:
SF:src\01 - Application\Controllers\UserProfileController.ts
FN:16,(anonymous_0)
FN:43,(anonymous_1)
FN:84,(anonymous_2)
FN:133,(anonymous_3)
FN:175,(anonymous_4)
FN:218,(anonymous_5)
FNF:6
FNH:0
FNDA:0,(anonymous_0)
FNDA:0,(anonymous_1)
FNDA:0,(anonymous_2)
FNDA:0,(anonymous_3)
FNDA:0,(anonymous_4)
FNDA:0,(anonymous_5)
DA:2,0
DA:3,0
DA:11,0
DA:18,0
DA:19,0
DA:45,0
DA:47,0
DA:48,0
DA:52,0
DA:86,0
DA:88,0
DA:89,0
DA:91,0
DA:93,0
DA:97,0
DA:103,0
DA:135,0
DA:137,0
DA:138,0
DA:139,0
DA:143,0
DA:177,0
DA:179,0
DA:180,0
DA:181,0
DA:183,0
DA:185,0
DA:189,0
DA:195,0
DA:220,0
DA:222,0
DA:223,0
DA:225,0
DA:227,0
DA:231,0
DA:236,0
LF:36
LH:0
BRDA:91,0,0,0
BRDA:91,0,1,0
BRDA:183,1,0,0
BRDA:183,1,1,0
BRDA:225,2,0,0
BRDA:225,2,1,0
BRF:6
BRH:0
end_of_record
TN:
SF:src\01 - Application\Routes\AppRoutes.ts
FNF:0
FNH:0
DA:1,0
DA:2,0
DA:3,0
DA:4,0
DA:5,0
DA:6,0
DA:7,0
DA:9,0
DA:10,0
DA:11,0
DA:12,0
DA:13,0
DA:15,0
DA:18,0
DA:19,0
DA:20,0
DA:21,0
DA:22,0
DA:25,0
DA:26,0
DA:27,0
DA:28,0
DA:29,0
DA:32,0
DA:33,0
DA:34,0
DA:35,0
DA:36,0
DA:39,0
DA:42,0
DA:43,0
DA:44,0
DA:45,0
DA:47,0
LF:34
LH:0
BRF:0
BRH:0
end_of_record
TN:
SF:src\01 - Application\Routes\AuthRoutes.ts
FNF:0
FNH:0
DA:1,0
DA:2,0
DA:4,0
DA:7,0
DA:10,0
DA:12,0
LF:6
LH:0
BRF:0
BRH:0
end_of_record
TN:
SF:src\02 - Domain\Entities\BillingValue.ts
FN:11,(anonymous_0)
FNF:1
FNH:0
FNDA:0,(anonymous_0)
DA:1,0
DA:30,0
DA:31,0
DA:32,0
DA:33,0
DA:34,0
DA:35,0
DA:36,0
DA:37,0
LF:9
LH:0
BRF:0
BRH:0
end_of_record
TN:
SF:src\02 - Domain\Entities\ConsumptionHistory.ts
FN:9,(anonymous_0)
FNF:1
FNH:0
FNDA:0,(anonymous_0)
DA:1,0
DA:24,0
DA:25,0
DA:26,0
DA:27,0
DA:28,0
DA:29,0
LF:7
LH:0
BRF:0
BRH:0
end_of_record
TN:
SF:src\02 - Domain\Entities\Installation.ts
FN:9,(anonymous_0)
FNF:1
FNH:0
FNDA:0,(anonymous_0)
DA:1,0
DA:24,0
DA:25,0
DA:26,0
DA:27,0
DA:28,0
DA:29,0
LF:7
LH:0
BRF:0
BRH:0
end_of_record
TN:
SF:src\02 - Domain\Entities\Invoice.ts
FN:10,(anonymous_0)
FNF:1
FNH:0
FNDA:0,(anonymous_0)
DA:1,0
DA:27,0
DA:28,0
DA:29,0
DA:30,0
DA:31,0
DA:32,0
DA:33,0
LF:8
LH:0
BRF:0
BRH:0
end_of_record
TN:
SF:src\02 - Domain\Entities\PaymentInfo.ts
FN:8,(anonymous_0)
FNF:1
FNH:0
FNDA:0,(anonymous_0)
DA:1,0
DA:21,0
DA:22,0
DA:23,0
DA:24,0
DA:25,0
LF:6
LH:0
BRF:0
BRH:0
end_of_record
TN:
SF:src\02 - Domain\Entities\Profile.ts
FN:7,(anonymous_0)
FNF:1
FNH:0
FNDA:0,(anonymous_0)
DA:1,0
DA:10,0
DA:11,0
DA:12,0
LF:4
LH:0
BRDA:7,0,0,0
BRF:1
BRH:0
end_of_record
TN:
SF:src\02 - Domain\Entities\TechnicalInfo.ts
FN:12,(anonymous_0)
FNF:1
FNH:0
FNDA:0,(anonymous_0)
DA:1,0
DA:33,0
DA:34,0
DA:35,0
DA:36,0
DA:37,0
DA:38,0
DA:39,0
DA:40,0
DA:41,0
LF:10
LH:0
BRF:0
BRH:0
end_of_record
TN:
SF:src\02 - Domain\Entities\User.ts
FN:11,(anonymous_0)
FNF:1
FNH:0
FNDA:0,(anonymous_0)
DA:1,0
DA:14,0
DA:15,0
DA:16,0
DA:17,0
DA:18,0
DA:19,0
DA:20,0
LF:8
LH:0
BRDA:11,0,0,0
BRDA:11,1,0,0
BRDA:11,2,0,0
BRF:3
BRH:0
end_of_record
TN:
SF:src\02 - Domain\Entities\UserProfile.ts
FN:9,(anonymous_0)
FNF:1
FNH:0
FNDA:0,(anonymous_0)
DA:1,0
DA:12,0
DA:13,0
DA:14,0
DA:15,0
DA:16,0
LF:6
LH:0
BRDA:9,0,0,0
BRDA:9,1,0,0
BRF:2
BRH:0
end_of_record
TN:
SF:src\03 - Service\AuthService.ts
FN:13,(anonymous_0)
FN:24,(anonymous_1)
FNF:2
FNH:0
FNDA:0,(anonymous_0)
FNDA:0,(anonymous_1)
DA:4,0
DA:5,0
DA:7,0
DA:19,0
DA:20,0
DA:21,0
DA:27,0
DA:28,0
DA:30,0
DA:34,0
DA:35,0
DA:37,0
DA:41,0
DA:42,0
DA:44,0
DA:48,0
DA:49,0
DA:51,0
DA:55,0
DA:56,0
DA:58,0
DA:62,0
DA:70,0
LF:23
LH:0
BRDA:28,0,0,0
BRDA:35,1,0,0
BRDA:42,2,0,0
BRDA:49,3,0,0
BRDA:49,4,0,0
BRDA:49,4,1,0
BRDA:56,5,0,0
BRF:7
BRH:0
end_of_record
TN:
SF:src\03 - Service\PdfDataService.ts
FN:8,(anonymous_0)
FNF:1
FNH:1
FNDA:3,(anonymous_0)
DA:1,1
DA:2,1
DA:3,1
DA:4,1
DA:5,1
DA:9,3
DA:11,3
DA:16,3
DA:17,1
DA:23,3
DA:31,3
DA:32,15
DA:44,3
DA:45,39
DA:55,3
DA:56,3
DA:59,3
DA:62,3
DA:70,3
DA:72,0
DA:77,1
LF:21
LH:20
BRDA:16,0,0,1
BRDA:35,1,0,15
BRDA:35,1,1,15
BRDA:55,2,0,3
BRDA:55,2,1,0
BRDA:56,3,0,0
BRDA:56,3,1,3
BRDA:59,4,0,3
BRDA:59,4,1,3
BRF:9
BRH:7
end_of_record
TN:
SF:src\03 - Service\PdfProcessingService.ts
FN:11,(anonymous_1)
FN:16,(anonymous_2)
FN:45,(anonymous_3)
FN:46,(anonymous_4)
FN:63,(anonymous_5)
FN:104,(anonymous_6)
FN:133,(anonymous_7)
FN:148,(anonymous_8)
FN:149,(anonymous_9)
FN:161,(anonymous_10)
FN:166,(anonymous_11)
FN:175,(anonymous_12)
FN:183,(anonymous_13)
FNF:13
FNH:13
FNDA:1,(anonymous_1)
FNDA:3,(anonymous_2)
FNDA:3,(anonymous_3)
FNDA:216,(anonymous_4)
FNDA:216,(anonymous_5)
FNDA:21,(anonymous_6)
FNDA:81,(anonymous_7)
FNDA:3,(anonymous_8)
FNDA:117,(anonymous_9)
FNDA:3,(anonymous_10)
FNDA:126,(anonymous_11)
FNDA:90,(anonymous_12)
FNDA:123,(anonymous_13)
DA:1,1
DA:2,1
DA:4,1
DA:5,1
DA:12,1
DA:17,3
DA:19,3
DA:22,3
DA:23,3
DA:26,3
DA:29,3
DA:32,3
DA:35,3
DA:37,3
DA:39,0
DA:40,0
DA:46,216
DA:47,3
DA:61,3
DA:63,3
DA:65,216
DA:66,3
DA:67,3
DA:71,213
DA:72,3
DA:73,3
DA:77,210
DA:78,3
DA:79,3
DA:80,3
DA:84,207
DA:85,3
DA:86,3
DA:87,3
DA:91,204
DA:92,21
DA:95,204
DA:96,81
DA:100,3
DA:106,21
DA:107,21
DA:109,21
DA:110,12
DA:111,12
DA:112,12
DA:113,12
DA:115,12
DA:122,9
DA:123,9
DA:124,3
DA:134,81
DA:135,81
DA:137,81
DA:138,39
DA:149,117
DA:150,3
DA:151,3
DA:152,3
DA:153,3
DA:154,3
DA:155,3
DA:162,3
DA:163,3
DA:164,0
DA:166,126
DA:167,3
DA:168,3
DA:169,3
DA:170,3
DA:175,90
DA:176,3
DA:177,3
DA:178,3
DA:179,0
DA:183,123
DA:184,3
DA:185,3
DA:186,3
DA:187,0
DA:193,1
LF:80
LH:75
BRDA:65,0,0,3
BRDA:71,1,0,3
BRDA:77,2,0,3
BRDA:84,3,0,3
BRDA:91,4,0,21
BRDA:95,5,0,81
BRDA:109,6,0,12
BRDA:109,6,1,9
BRDA:111,7,0,9
BRDA:111,7,1,3
BRDA:112,8,0,9
BRDA:112,8,1,3
BRDA:113,9,0,9
BRDA:113,9,1,3
BRDA:113,10,0,3
BRDA:113,10,1,0
BRDA:123,11,0,3
BRDA:137,12,0,39
BRDA:150,13,0,3
BRDA:153,14,0,3
BRDA:163,15,0,0
BRDA:163,15,1,3
BRDA:167,16,0,3
BRDA:169,17,0,3
BRDA:176,18,0,3
BRDA:178,19,0,0
BRDA:184,20,0,3
BRDA:186,21,0,0
BRF:28
BRH:24
end_of_record
TN:
SF:src\03 - Service\ProfileService.ts
FN:8,(anonymous_0)
FN:13,(anonymous_1)
FN:18,(anonymous_2)
FN:23,(anonymous_3)
FN:33,(anonymous_4)
FN:46,(anonymous_5)
FNF:6
FNH:0
FNDA:0,(anonymous_0)
FNDA:0,(anonymous_1)
FNDA:0,(anonymous_2)
FNDA:0,(anonymous_3)
FNDA:0,(anonymous_4)
FNDA:0,(anonymous_5)
DA:1,0
DA:4,0
DA:10,0
DA:15,0
DA:20,0
DA:25,0
DA:30,0
DA:35,0
DA:36,0
DA:37,0
DA:40,0
DA:41,0
DA:43,0
DA:48,0
DA:49,0
DA:50,0
DA:53,0
DA:54,0
LF:18
LH:0
BRDA:27,0,0,0
BRDA:27,0,1,0
BRDA:36,1,0,0
BRDA:40,2,0,0
BRDA:40,2,1,0
BRDA:41,3,0,0
BRDA:41,3,1,0
BRDA:49,4,0,0
BRF:8
BRH:0
end_of_record
TN:
SF:src\03 - Service\UserProfileService.ts
FN:8,(anonymous_0)
FN:13,(anonymous_1)
FN:18,(anonymous_2)
FN:23,(anonymous_3)
FN:33,(anonymous_4)
FN:45,(anonymous_5)
FNF:6
FNH:0
FNDA:0,(anonymous_0)
FNDA:0,(anonymous_1)
FNDA:0,(anonymous_2)
FNDA:0,(anonymous_3)
FNDA:0,(anonymous_4)
FNDA:0,(anonymous_5)
DA:1,0
DA:4,0
DA:10,0
DA:15,0
DA:20,0
DA:25,0
DA:30,0
DA:35,0
DA:36,0
DA:37,0
DA:40,0
DA:42,0
DA:47,0
DA:48,0
DA:49,0
DA:52,0
DA:53,0
LF:17
LH:0
BRDA:36,0,0,0
BRDA:48,1,0,0
BRF:2
BRH:0
end_of_record
TN:
SF:src\03 - Service\UserService.ts
FN:13,(anonymous_0)
FN:22,(anonymous_1)
FN:27,(anonymous_2)
FN:32,(anonymous_3)
FN:59,(anonymous_4)
FN:81,(anonymous_5)
FNF:6
FNH:0
FNDA:0,(anonymous_0)
FNDA:0,(anonymous_1)
FNDA:0,(anonymous_2)
FNDA:0,(anonymous_3)
FNDA:0,(anonymous_4)
FNDA:0,(anonymous_5)
DA:1,0
DA:2,0
DA:5,0
DA:7,0
DA:18,0
DA:19,0
DA:24,0
DA:29,0
DA:34,0
DA:35,0
DA:37,0
DA:41,0
DA:44,0
DA:49,0
DA:54,0
DA:56,0
DA:61,0
DA:62,0
DA:64,0
DA:67,0
DA:68,0
DA:71,0
DA:73,0
DA:76,0
DA:78,0
DA:83,0
DA:84,0
DA:86,0
DA:89,0
DA:90,0
LF:30
LH:0
BRDA:35,0,0,0
BRDA:62,1,0,0
BRDA:67,2,0,0
BRDA:67,2,1,0
BRDA:68,3,0,0
BRDA:68,3,1,0
BRDA:71,4,0,0
BRDA:76,5,0,0
BRDA:76,5,1,0
BRDA:84,6,0,0
BRF:10
BRH:0
end_of_record
TN:
SF:src\04 - Infrastructure\4.1 - Data\Models\BillingValueModel.ts
FN:6,(anonymous_2)
FN:50,(anonymous_3)
FNF:2
FNH:2
FNDA:2,(anonymous_2)
FNDA:2,(anonymous_3)
DA:1,1
DA:2,1
DA:5,1
DA:6,2
DA:11,1
DA:17,1
DA:23,1
DA:29,1
DA:35,1
DA:41,1
DA:48,1
DA:50,2
DA:51,1
LF:13
LH:13
BRF:0
BRH:0
end_of_record
TN:
SF:src\04 - Infrastructure\4.1 - Data\Models\ConsumptionHistoryModel.ts
FN:6,(anonymous_2)
FN:37,(anonymous_3)
FNF:2
FNH:2
FNDA:2,(anonymous_2)
FNDA:2,(anonymous_3)
DA:1,1
DA:2,1
DA:5,1
DA:6,2
DA:11,1
DA:17,1
DA:23,1
DA:29,1
DA:35,1
DA:37,2
DA:38,1
LF:11
LH:11
BRF:0
BRH:0
end_of_record
TN:
SF:src\04 - Infrastructure\4.1 - Data\Models\InstallationModel.ts
FN:25,(anonymous_2)
FN:28,(anonymous_3)
FN:31,(anonymous_4)
FN:34,(anonymous_5)
FN:37,(anonymous_6)
FN:40,(anonymous_7)
FNF:6
FNH:6
FNDA:2,(anonymous_2)
FNDA:2,(anonymous_3)
FNDA:2,(anonymous_4)
FNDA:2,(anonymous_5)
FNDA:2,(anonymous_6)
FNDA:2,(anonymous_7)
DA:1,1
DA:4,1
DA:5,1
DA:6,1
DA:7,1
DA:8,1
DA:9,1
DA:12,1
DA:17,1
DA:23,1
DA:25,2
DA:26,1
DA:28,2
DA:29,1
DA:31,2
DA:32,1
DA:34,2
DA:35,1
DA:37,2
DA:38,1
DA:40,2
DA:41,1
LF:22
LH:22
BRF:0
BRH:0
end_of_record
TN:
SF:src\04 - Infrastructure\4.1 - Data\Models\InvoiceModel.ts
FN:7,(anonymous_2)
FN:44,(anonymous_3)
FNF:2
FNH:2
FNDA:2,(anonymous_2)
FNDA:2,(anonymous_3)
DA:1,1
DA:2,1
DA:5,1
DA:7,2
DA:12,1
DA:18,1
DA:24,1
DA:30,1
DA:36,1
DA:42,1
DA:44,2
DA:45,1
LF:12
LH:12
BRF:0
BRH:0
end_of_record
TN:
SF:src\04 - Infrastructure\4.1 - Data\Models\InvoicePdfModel.ts
FN:26,(anonymous_2)
FN:33,(anonymous_3)
FNF:2
FNH:2
FNDA:2,(anonymous_2)
FNDA:2,(anonymous_3)
DA:1,1
DA:4,1
DA:7,1
DA:12,1
DA:18,1
DA:24,1
DA:26,2
DA:31,1
DA:33,2
DA:34,1
LF:10
LH:10
BRF:0
BRH:0
end_of_record
TN:
SF:src\04 - Infrastructure\4.1 - Data\Models\PaymentInfoModel.ts
FN:6,(anonymous_2)
FN:31,(anonymous_3)
FNF:2
FNH:2
FNDA:2,(anonymous_2)
FNDA:2,(anonymous_3)
DA:1,1
DA:2,1
DA:5,1
DA:6,2
DA:11,1
DA:17,1
DA:23,1
DA:29,1
DA:31,2
DA:32,1
LF:10
LH:10
BRF:0
BRH:0
end_of_record
TN:
SF:src\04 - Infrastructure\4.1 - Data\Models\ProfileModel.ts
FNF:0
FNH:0
DA:1,0
DA:4,0
DA:11,0
DA:18,0
DA:25,0
DA:32,0
LF:6
LH:0
BRF:0
BRH:0
end_of_record
TN:
SF:src\04 - Infrastructure\4.1 - Data\Models\TechnicalInfoModel.ts
FN:7,(anonymous_2)
FN:56,(anonymous_3)
FNF:2
FNH:2
FNDA:2,(anonymous_2)
FNDA:2,(anonymous_3)
DA:1,1
DA:2,1
DA:5,1
DA:7,2
DA:12,1
DA:18,1
DA:24,1
DA:30,1
DA:36,1
DA:42,1
DA:48,1
DA:54,1
DA:56,2
DA:57,1
LF:14
LH:14
BRF:0
BRH:0
end_of_record
TN:
SF:src\04 - Infrastructure\4.1 - Data\Models\UserModel.ts
FNF:0
FNH:0
DA:1,0
DA:4,0
DA:11,0
DA:18,0
DA:24,0
DA:31,0
DA:38,0
DA:45,0
LF:8
LH:0
BRF:0
BRH:0
end_of_record
TN:
SF:src\04 - Infrastructure\4.1 - Data\Models\UserProfileModel.ts
FN:8,(anonymous_2)
FN:15,(anonymous_3)
FNF:2
FNH:0
FNDA:0,(anonymous_2)
FNDA:0,(anonymous_3)
DA:1,0
DA:2,0
DA:3,0
DA:6,0
DA:8,0
DA:13,0
DA:15,0
DA:20,0
DA:27,0
DA:34,0
LF:10
LH:0
BRF:0
BRH:0
end_of_record
TN:
SF:src\04 - Infrastructure\4.1 - Data\Repository\ProfileRepository.ts
FN:8,(anonymous_0)
FN:11,(anonymous_1)
FN:14,(anonymous_2)
FN:20,(anonymous_3)
FN:26,(anonymous_4)
FN:39,(anonymous_5)
FNF:6
FNH:0
FNDA:0,(anonymous_0)
FNDA:0,(anonymous_1)
FNDA:0,(anonymous_2)
FNDA:0,(anonymous_3)
FNDA:0,(anonymous_4)
FNDA:0,(anonymous_5)
DA:3,0
DA:5,0
DA:10,0
DA:11,0
DA:16,0
DA:17,0
DA:22,0
DA:23,0
DA:28,0
DA:29,0
DA:30,0
DA:33,0
DA:35,0
DA:36,0
DA:41,0
LF:15
LH:0
BRDA:17,0,0,0
BRDA:17,0,1,0
BRDA:29,1,0,0
BRDA:36,2,0,0
BRDA:36,2,1,0
BRF:5
BRH:0
end_of_record
TN:
SF:src\04 - Infrastructure\4.1 - Data\Repository\UserProfileRepository.ts
FN:8,(anonymous_0)
FN:11,(anonymous_1)
FN:14,(anonymous_2)
FN:20,(anonymous_3)
FN:26,(anonymous_4)
FN:39,(anonymous_5)
FNF:6
FNH:0
FNDA:0,(anonymous_0)
FNDA:0,(anonymous_1)
FNDA:0,(anonymous_2)
FNDA:0,(anonymous_3)
FNDA:0,(anonymous_4)
FNDA:0,(anonymous_5)
DA:3,0
DA:5,0
DA:10,0
DA:11,0
DA:16,0
DA:17,0
DA:22,0
DA:23,0
DA:28,0
DA:29,0
DA:30,0
DA:33,0
DA:35,0
DA:36,0
DA:41,0
LF:15
LH:0
BRDA:17,0,0,0
BRDA:17,0,1,0
BRDA:29,1,0,0
BRDA:36,2,0,0
BRDA:36,2,1,0
BRF:5
BRH:0
end_of_record
TN:
SF:src\04 - Infrastructure\4.1 - Data\Repository\UserRepository.ts
FN:8,(anonymous_0)
FN:11,(anonymous_1)
FN:14,(anonymous_2)
FN:20,(anonymous_3)
FN:26,(anonymous_4)
FN:32,(anonymous_5)
FN:46,(anonymous_6)
FNF:7
FNH:0
FNDA:0,(anonymous_0)
FNDA:0,(anonymous_1)
FNDA:0,(anonymous_2)
FNDA:0,(anonymous_3)
FNDA:0,(anonymous_4)
FNDA:0,(anonymous_5)
FNDA:0,(anonymous_6)
DA:3,0
DA:5,0
DA:10,0
DA:11,0
DA:16,0
DA:17,0
DA:22,0
DA:23,0
DA:28,0
DA:29,0
DA:34,0
DA:35,0
DA:37,0
DA:40,0
DA:42,0
DA:43,0
DA:48,0
LF:17
LH:0
BRDA:17,0,0,0
BRDA:17,0,1,0
BRDA:23,1,0,0
BRDA:23,1,1,0
BRDA:35,2,0,0
BRDA:43,3,0,0
BRDA:43,3,1,0
BRF:7
BRH:0
end_of_record
TN:
SF:src\04 - Infrastructure\4.2 - CrossCutting\Helpers\ExpirationTimeInMilliseconds.ts
FN:1,(anonymous_0)
FNF:1
FNH:0
FNDA:0,(anonymous_0)
DA:1,0
DA:4,0
DA:5,0
DA:7,0
DA:9,0
DA:12,0
DA:15,0
DA:17,0
DA:19,0
DA:21,0
LF:10
LH:0
BRDA:7,0,0,0
BRDA:12,1,0,0
BRDA:12,1,1,0
BRDA:12,1,2,0
BRDA:12,1,3,0
BRF:5
BRH:0
end_of_record
TN:
SF:src\04 - Infrastructure\4.2 - CrossCutting\Middlewares\JwtMiddleware.ts
FN:6,(anonymous_0)
FN:8,(anonymous_1)
FN:32,(anonymous_2)
FNF:3
FNH:0
FNDA:0,(anonymous_0)
FNDA:0,(anonymous_1)
FNDA:0,(anonymous_2)
DA:2,0
DA:6,0
DA:8,0
DA:10,0
DA:12,0
DA:14,0
DA:15,0
DA:18,0
DA:19,0
DA:21,0
DA:23,0
DA:24,0
DA:28,0
DA:31,0
DA:32,0
DA:33,0
DA:36,0
DA:38,0
DA:39,0
DA:43,0
LF:20
LH:0
BRDA:6,0,0,0
BRDA:12,1,0,0
BRDA:21,2,0,0
BRDA:21,3,0,0
BRDA:21,3,1,0
BRDA:31,4,0,0
BRDA:31,4,1,0
BRDA:36,5,0,0
BRF:8
BRH:0
end_of_record
TN:
SF:src\04 - Infrastructure\4.2 - CrossCutting\Security\JwtToken.ts
FN:24,(anonymous_1)
FN:41,(anonymous_2)
FNF:2
FNH:0
FNDA:0,(anonymous_1)
FNDA:0,(anonymous_2)
DA:1,0
DA:2,0
DA:3,0
DA:4,0
DA:6,0
DA:9,0
DA:10,0
DA:12,0
DA:16,0
DA:17,0
DA:27,0
DA:30,0
DA:32,0
DA:43,0
DA:45,0
DA:49,0
LF:16
LH:0
BRF:0
BRH:0
end_of_record
TN:
SF:src\04 - Infrastructure\4.2 - CrossCutting\Security\PasswordHasher.ts
FN:15,(anonymous_1)
FN:18,(anonymous_2)
FN:19,(anonymous_3)
FN:32,(anonymous_4)
FN:35,(anonymous_5)
FN:36,(anonymous_6)
FNF:6
FNH:0
FNDA:0,(anonymous_1)
FNDA:0,(anonymous_2)
FNDA:0,(anonymous_3)
FNDA:0,(anonymous_4)
FNDA:0,(anonymous_5)
FNDA:0,(anonymous_6)
DA:1,0
DA:3,0
DA:5,0
DA:6,0
DA:7,0
DA:8,0
DA:17,0
DA:18,0
DA:19,0
DA:20,0
DA:21,0
DA:34,0
DA:35,0
DA:36,0
DA:37,0
DA:38,0
LF:16
LH:0
BRDA:20,0,0,0
BRDA:37,1,0,0
BRF:2
BRH:0
end_of_record
TN:
SF:src\04 - Infrastructure\4.2 - CrossCutting\Types\express.d.ts
FNF:0
FNH:0
LF:0
LH:0
BRF:0
BRH:0
end_of_record
